<?xml version="1.0" encoding="UTF-8"?>
<testsuite xmlns:xsi="http://www.w3.org/2001/XMLSchema-instance" xsi:noNamespaceSchemaLocation="https://maven.apache.org/surefire/maven-surefire-plugin/xsd/surefire-test-report-3.0.xsd" version="3.0" name="org.flossware.jfswatcher.FileSystemDeploymentWatcherTest" time="3.051" tests="21" errors="0" skipped="0" failures="0">
  <properties>
[...]
</properties>
  <testcase name="testRemoveNullListener" classname="org.flossware.jfswatcher.FileSystemDeploymentWatcherTest" time="0.288"/>
  <testcase name="testRemoveListener" classname="org.flossware.jfswatcher.FileSystemDeploymentWatcherTest" time="0.012">
    <system-out><![CDATA[00:43:20.920 [main] DEBUG org.flossware.jfswatcher.FileSystemDeploymentWatcher -- Added deployment listener: org.flossware.jfswatcher.FileSystemDeploymentWatcherTest$TestListener
00:43:20.926 [main] DEBUG org.flossware.jfswatcher.FileSystemDeploymentWatcher -- Removed deployment listener: org.flossware.jfswatcher.FileSystemDeploymentWatcherTest$TestListener
]]></system-out>
  </testcase>
  <testcase name="testDetectNewFile" classname="org.flossware.jfswatcher.FileSystemDeploymentWatcherTest" time="0.125">
    <system-out><![CDATA[00:43:20.933 [main] DEBUG org.flossware.jfswatcher.FileSystemDeploymentWatcher -- Added deployment listener: org.flossware.jfswatcher.FileSystemDeploymentWatcherTest$1
00:43:20.934 [main] INFO org.flossware.jfswatcher.FileSystemDeploymentWatcher -- Starting filesystem watcher on directory: /tmp/junit13116630152070318607
00:43:20.942 [main] INFO org.flossware.jfswatcher.FileSystemDeploymentWatcher -- Filesystem watcher started successfully
00:43:20.942 [fs-watcher] DEBUG org.flossware.jfswatcher.FileSystemDeploymentWatcher -- Watch loop started
00:43:20.942 [main] DEBUG org.flossware.jfswatcher.FileSystemDeploymentWatcher -- Scanning for existing descriptor files
00:43:20.944 [fs-watcher] DEBUG org.flossware.jfswatcher.FileSystemDeploymentWatcher -- Detected ENTRY_CREATE event for: app.yaml
00:43:20.946 [fs-watcher] DEBUG org.flossware.jfswatcher.FileSystemDeploymentWatcher -- Detected ENTRY_MODIFY event for: app.yaml
00:43:21.046 [fs-watcher-debounce] DEBUG org.flossware.jfswatcher.FileSystemDeploymentWatcher -- Notifying listeners: descriptor modified - /tmp/junit13116630152070318607/app.yaml
00:43:21.049 [main] INFO org.flossware.jfswatcher.FileSystemDeploymentWatcher -- Stopping filesystem watcher
00:43:21.051 [fs-watcher] DEBUG org.flossware.jfswatcher.FileSystemDeploymentWatcher -- Watch loop interrupted
00:43:21.051 [fs-watcher] DEBUG org.flossware.jfswatcher.FileSystemDeploymentWatcher -- Watch loop exited
00:43:21.053 [main] INFO org.flossware.jfswatcher.FileSystemDeploymentWatcher -- Filesystem watcher stopped
]]></system-out>
  </testcase>
  <testcase name="testClose" classname="org.flossware.jfswatcher.FileSystemDeploymentWatcherTest" time="0.011">
    <system-out><![CDATA[00:43:21.060 [main] INFO org.flossware.jfswatcher.FileSystemDeploymentWatcher -- Starting filesystem watcher on directory: /tmp/junit10600968516515779188
00:43:21.062 [main] INFO org.flossware.jfswatcher.FileSystemDeploymentWatcher -- Filesystem watcher started successfully
00:43:21.062 [fs-watcher] DEBUG org.flossware.jfswatcher.FileSystemDeploymentWatcher -- Watch loop started
00:43:21.062 [main] DEBUG org.flossware.jfswatcher.FileSystemDeploymentWatcher -- Scanning for existing descriptor files
00:43:21.062 [main] INFO org.flossware.jfswatcher.FileSystemDeploymentWatcher -- Stopping filesystem watcher
00:43:21.063 [fs-watcher] DEBUG org.flossware.jfswatcher.FileSystemDeploymentWatcher -- Watch loop interrupted
00:43:21.063 [fs-watcher] DEBUG org.flossware.jfswatcher.FileSystemDeploymentWatcher -- Watch loop exited
00:43:21.067 [main] INFO org.flossware.jfswatcher.FileSystemDeploymentWatcher -- Filesystem watcher stopped
]]></system-out>
  </testcase>
  <testcase name="testMultipleListeners" classname="org.flossware.jfswatcher.FileSystemDeploymentWatcherTest" time="0.112">
    <system-out><![CDATA[00:43:21.075 [main] DEBUG org.flossware.jfswatcher.FileSystemDeploymentWatcher -- Added deployment listener: org.flossware.jfswatcher.FileSystemDeploymentWatcherTest$6
00:43:21.076 [main] DEBUG org.flossware.jfswatcher.FileSystemDeploymentWatcher -- Added deployment listener: org.flossware.jfswatcher.FileSystemDeploymentWatcherTest$7
00:43:21.076 [main] INFO org.flossware.jfswatcher.FileSystemDeploymentWatcher -- Starting filesystem watcher on directory: /tmp/junit3492301249629272171
00:43:21.077 [main] INFO org.flossware.jfswatcher.FileSystemDeploymentWatcher -- Filesystem watcher started successfully
00:43:21.077 [fs-watcher] DEBUG org.flossware.jfswatcher.FileSystemDeploymentWatcher -- Watch loop started
00:43:21.078 [main] DEBUG org.flossware.jfswatcher.FileSystemDeploymentWatcher -- Scanning for existing descriptor files
00:43:21.078 [fs-watcher] DEBUG org.flossware.jfswatcher.FileSystemDeploymentWatcher -- Detected ENTRY_CREATE event for: app.yaml
00:43:21.079 [fs-watcher] DEBUG org.flossware.jfswatcher.FileSystemDeploymentWatcher -- Detected ENTRY_MODIFY event for: app.yaml
00:43:21.179 [fs-watcher-debounce] DEBUG org.flossware.jfswatcher.FileSystemDeploymentWatcher -- Notifying listeners: descriptor modified - /tmp/junit3492301249629272171/app.yaml
00:43:21.181 [main] INFO org.flossware.jfswatcher.FileSystemDeploymentWatcher -- Stopping filesystem watcher
00:43:21.181 [fs-watcher] DEBUG org.flossware.jfswatcher.FileSystemDeploymentWatcher -- Watch loop interrupted
00:43:21.181 [fs-watcher] DEBUG org.flossware.jfswatcher.FileSystemDeploymentWatcher -- Watch loop exited
00:43:21.183 [main] INFO org.flossware.jfswatcher.FileSystemDeploymentWatcher -- Filesystem watcher stopped
]]></system-out>
  </testcase>
  <testcase name="testStop" classname="org.flossware.jfswatcher.FileSystemDeploymentWatcherTest" time="0.006">
    <system-out><![CDATA[00:43:21.188 [main] INFO org.flossware.jfswatcher.FileSystemDeploymentWatcher -- Starting filesystem watcher on directory: /tmp/junit6267427587423944523
00:43:21.189 [main] INFO org.flossware.jfswatcher.FileSystemDeploymentWatcher -- Filesystem watcher started successfully
00:43:21.189 [fs-watcher] DEBUG org.flossware.jfswatcher.FileSystemDeploymentWatcher -- Watch loop started
00:43:21.189 [main] DEBUG org.flossware.jfswatcher.FileSystemDeploymentWatcher -- Scanning for existing descriptor files
00:43:21.190 [main] INFO org.flossware.jfswatcher.FileSystemDeploymentWatcher -- Stopping filesystem watcher
00:43:21.190 [fs-watcher] DEBUG org.flossware.jfswatcher.FileSystemDeploymentWatcher -- Watch loop interrupted
00:43:21.190 [fs-watcher] DEBUG org.flossware.jfswatcher.FileSystemDeploymentWatcher -- Watch loop exited
00:43:21.191 [main] INFO org.flossware.jfswatcher.FileSystemDeploymentWatcher -- Filesystem watcher stopped
]]></system-out>
  </testcase>
  <testcase name="testAddNullListener" classname="org.flossware.jfswatcher.FileSystemDeploymentWatcherTest" time="0.003"/>
  <testcase name="testStartSuccess" classname="org.flossware.jfswatcher.FileSystemDeploymentWatcherTest" time="0.011">
    <system-out><![CDATA[00:43:21.200 [main] INFO org.flossware.jfswatcher.FileSystemDeploymentWatcher -- Starting filesystem watcher on directory: /tmp/junit125302126882165202
00:43:21.201 [main] INFO org.flossware.jfswatcher.FileSystemDeploymentWatcher -- Filesystem watcher started successfully
00:43:21.201 [fs-watcher] DEBUG org.flossware.jfswatcher.FileSystemDeploymentWatcher -- Watch loop started
00:43:21.201 [main] DEBUG org.flossware.jfswatcher.FileSystemDeploymentWatcher -- Scanning for existing descriptor files
00:43:21.202 [main] INFO org.flossware.jfswatcher.FileSystemDeploymentWatcher -- Stopping filesystem watcher
00:43:21.202 [fs-watcher] DEBUG org.flossware.jfswatcher.FileSystemDeploymentWatcher -- Watch loop interrupted
00:43:21.202 [fs-watcher] DEBUG org.flossware.jfswatcher.FileSystemDeploymentWatcher -- Watch loop exited
00:43:21.208 [main] INFO org.flossware.jfswatcher.FileSystemDeploymentWatcher -- Filesystem watcher stopped
]]></system-out>
  </testcase>
  <testcase name="testStopWhenNotRunning" classname="org.flossware.jfswatcher.FileSystemDeploymentWatcherTest" time="0.003">
    <system-out><![CDATA[00:43:21.213 [main] WARN org.flossware.jfswatcher.FileSystemDeploymentWatcher -- Watcher is not running
]]></system-out>
  </testcase>
  <testcase name="testDetectRemovedFile" classname="org.flossware.jfswatcher.FileSystemDeploymentWatcherTest" time="0.211">
    <system-out><![CDATA[00:43:21.218 [main] DEBUG org.flossware.jfswatcher.FileSystemDeploymentWatcher -- Added deployment listener: org.flossware.jfswatcher.FileSystemDeploymentWatcherTest$3
00:43:21.218 [main] INFO org.flossware.jfswatcher.FileSystemDeploymentWatcher -- Starting filesystem watcher on directory: /tmp/junit5041458690162435615
00:43:21.219 [main] INFO org.flossware.jfswatcher.FileSystemDeploymentWatcher -- Filesystem watcher started successfully
00:43:21.219 [fs-watcher] DEBUG org.flossware.jfswatcher.FileSystemDeploymentWatcher -- Watch loop started
00:43:21.219 [main] DEBUG org.flossware.jfswatcher.FileSystemDeploymentWatcher -- Scanning for existing descriptor files
00:43:21.220 [main] DEBUG org.flossware.jfswatcher.FileSystemDeploymentWatcher -- Found existing descriptor: /tmp/junit5041458690162435615/app.yaml
00:43:21.320 [fs-watcher-debounce] DEBUG org.flossware.jfswatcher.FileSystemDeploymentWatcher -- Notifying listeners: descriptor detected - /tmp/junit5041458690162435615/app.yaml
00:43:21.321 [fs-watcher] DEBUG org.flossware.jfswatcher.FileSystemDeploymentWatcher -- Detected ENTRY_DELETE event for: app.yaml
00:43:21.422 [fs-watcher-debounce] DEBUG org.flossware.jfswatcher.FileSystemDeploymentWatcher -- Notifying listeners: descriptor removed - /tmp/junit5041458690162435615/app.yaml
00:43:21.423 [main] INFO org.flossware.jfswatcher.FileSystemDeploymentWatcher -- Stopping filesystem watcher
00:43:21.424 [fs-watcher] DEBUG org.flossware.jfswatcher.FileSystemDeploymentWatcher -- Watch loop interrupted
00:43:21.424 [fs-watcher] DEBUG org.flossware.jfswatcher.FileSystemDeploymentWatcher -- Watch loop exited
00:43:21.425 [main] INFO org.flossware.jfswatcher.FileSystemDeploymentWatcher -- Filesystem watcher stopped
]]></system-out>
  </testcase>
  <testcase name="testStartNullWatchDirectory" classname="org.flossware.jfswatcher.FileSystemDeploymentWatcherTest" time="0.004"/>
  <testcase name="testAddListener" classname="org.flossware.jfswatcher.FileSystemDeploymentWatcherTest" time="0.003">
    <system-out><![CDATA[00:43:21.435 [main] DEBUG org.flossware.jfswatcher.FileSystemDeploymentWatcher -- Added deployment listener: org.flossware.jfswatcher.FileSystemDeploymentWatcherTest$TestListener
]]></system-out>
  </testcase>
  <testcase name="testConstructorNullConfig" classname="org.flossware.jfswatcher.FileSystemDeploymentWatcherTest" time="0.004"/>
  <testcase name="testStartNonExistentDirectory" classname="org.flossware.jfswatcher.FileSystemDeploymentWatcherTest" time="0.003"/>
  <testcase name="testDetectModifiedFile" classname="org.flossware.jfswatcher.FileSystemDeploymentWatcherTest" time="0.215">
    <system-out><![CDATA[00:43:21.452 [main] DEBUG org.flossware.jfswatcher.FileSystemDeploymentWatcher -- Added deployment listener: org.flossware.jfswatcher.FileSystemDeploymentWatcherTest$2
00:43:21.452 [main] INFO org.flossware.jfswatcher.FileSystemDeploymentWatcher -- Starting filesystem watcher on directory: /tmp/junit1498929906097647313
00:43:21.453 [main] INFO org.flossware.jfswatcher.FileSystemDeploymentWatcher -- Filesystem watcher started successfully
00:43:21.453 [main] DEBUG org.flossware.jfswatcher.FileSystemDeploymentWatcher -- Scanning for existing descriptor files
00:43:21.453 [fs-watcher] DEBUG org.flossware.jfswatcher.FileSystemDeploymentWatcher -- Watch loop started
00:43:21.454 [main] DEBUG org.flossware.jfswatcher.FileSystemDeploymentWatcher -- Found existing descriptor: /tmp/junit1498929906097647313/app.yaml
00:43:21.554 [fs-watcher-debounce] DEBUG org.flossware.jfswatcher.FileSystemDeploymentWatcher -- Notifying listeners: descriptor detected - /tmp/junit1498929906097647313/app.yaml
00:43:21.555 [fs-watcher] DEBUG org.flossware.jfswatcher.FileSystemDeploymentWatcher -- Detected ENTRY_MODIFY event for: app.yaml
00:43:21.656 [fs-watcher-debounce] DEBUG org.flossware.jfswatcher.FileSystemDeploymentWatcher -- Notifying listeners: descriptor modified - /tmp/junit1498929906097647313/app.yaml
00:43:21.657 [main] INFO org.flossware.jfswatcher.FileSystemDeploymentWatcher -- Stopping filesystem watcher
00:43:21.657 [fs-watcher] DEBUG org.flossware.jfswatcher.FileSystemDeploymentWatcher -- Watch loop interrupted
00:43:21.658 [fs-watcher] DEBUG org.flossware.jfswatcher.FileSystemDeploymentWatcher -- Watch loop exited
00:43:21.663 [main] INFO org.flossware.jfswatcher.FileSystemDeploymentWatcher -- Filesystem watcher stopped
]]></system-out>
  </testcase>
  <testcase name="testFileExtensionFiltering" classname="org.flossware.jfswatcher.FileSystemDeploymentWatcherTest" time="0.619">
    <system-out><![CDATA[00:43:21.669 [main] DEBUG org.flossware.jfswatcher.FileSystemDeploymentWatcher -- Added deployment listener: org.flossware.jfswatcher.FileSystemDeploymentWatcherTest$4
00:43:21.669 [main] INFO org.flossware.jfswatcher.FileSystemDeploymentWatcher -- Starting filesystem watcher on directory: /tmp/junit10775016431095311626
00:43:21.670 [main] INFO org.flossware.jfswatcher.FileSystemDeploymentWatcher -- Filesystem watcher started successfully
00:43:21.670 [fs-watcher] DEBUG org.flossware.jfswatcher.FileSystemDeploymentWatcher -- Watch loop started
00:43:21.670 [main] DEBUG org.flossware.jfswatcher.FileSystemDeploymentWatcher -- Scanning for existing descriptor files
00:43:21.671 [fs-watcher] DEBUG org.flossware.jfswatcher.FileSystemDeploymentWatcher -- Detected ENTRY_CREATE event for: app.yaml
00:43:21.672 [fs-watcher] DEBUG org.flossware.jfswatcher.FileSystemDeploymentWatcher -- Detected ENTRY_MODIFY event for: app.yaml
00:43:21.780 [fs-watcher-debounce] DEBUG org.flossware.jfswatcher.FileSystemDeploymentWatcher -- Notifying listeners: descriptor modified - /tmp/junit10775016431095311626/app.yaml
00:43:22.282 [main] INFO org.flossware.jfswatcher.FileSystemDeploymentWatcher -- Stopping filesystem watcher
00:43:22.283 [fs-watcher] DEBUG org.flossware.jfswatcher.FileSystemDeploymentWatcher -- Watch loop interrupted
00:43:22.283 [fs-watcher] DEBUG org.flossware.jfswatcher.FileSystemDeploymentWatcher -- Watch loop exited
00:43:22.284 [main] INFO org.flossware.jfswatcher.FileSystemDeploymentWatcher -- Filesystem watcher stopped
]]></system-out>
  </testcase>
  <testcase name="testStartAlreadyRunning" classname="org.flossware.jfswatcher.FileSystemDeploymentWatcherTest" time="0.01">
    <system-out><![CDATA[00:43:22.289 [main] INFO org.flossware.jfswatcher.FileSystemDeploymentWatcher -- Starting filesystem watcher on directory: /tmp/junit9787272832097667586
00:43:22.290 [main] INFO org.flossware.jfswatcher.FileSystemDeploymentWatcher -- Filesystem watcher started successfully
00:43:22.290 [main] DEBUG org.flossware.jfswatcher.FileSystemDeploymentWatcher -- Scanning for existing descriptor files
00:43:22.290 [fs-watcher] DEBUG org.flossware.jfswatcher.FileSystemDeploymentWatcher -- Watch loop started
00:43:22.291 [main] WARN org.flossware.jfswatcher.FileSystemDeploymentWatcher -- Watcher is already running
00:43:22.291 [main] INFO org.flossware.jfswatcher.FileSystemDeploymentWatcher -- Stopping filesystem watcher
00:43:22.291 [fs-watcher] DEBUG org.flossware.jfswatcher.FileSystemDeploymentWatcher -- Watch loop interrupted
00:43:22.292 [fs-watcher] DEBUG org.flossware.jfswatcher.FileSystemDeploymentWatcher -- Watch loop exited
00:43:22.296 [main] INFO org.flossware.jfswatcher.FileSystemDeploymentWatcher -- Filesystem watcher stopped
]]></system-out>
  </testcase>
  <testcase name="testDebouncing" classname="org.flossware.jfswatcher.FileSystemDeploymentWatcherTest" time="1.201">
    <system-out><![CDATA[00:43:22.301 [main] DEBUG org.flossware.jfswatcher.FileSystemDeploymentWatcher -- Added deployment listener: org.flossware.jfswatcher.FileSystemDeploymentWatcherTest$5
00:43:22.301 [main] INFO org.flossware.jfswatcher.FileSystemDeploymentWatcher -- Starting filesystem watcher on directory: /tmp/junit13311436127712837275
00:43:22.302 [main] INFO org.flossware.jfswatcher.FileSystemDeploymentWatcher -- Filesystem watcher started successfully
00:43:22.302 [main] DEBUG org.flossware.jfswatcher.FileSystemDeploymentWatcher -- Scanning for existing descriptor files
00:43:22.302 [fs-watcher] DEBUG org.flossware.jfswatcher.FileSystemDeploymentWatcher -- Watch loop started
00:43:22.303 [main] DEBUG org.flossware.jfswatcher.FileSystemDeploymentWatcher -- Found existing descriptor: /tmp/junit13311436127712837275/app.yaml
00:43:22.403 [fs-watcher-debounce] DEBUG org.flossware.jfswatcher.FileSystemDeploymentWatcher -- Notifying listeners: descriptor detected - /tmp/junit13311436127712837275/app.yaml
00:43:22.809 [fs-watcher] DEBUG org.flossware.jfswatcher.FileSystemDeploymentWatcher -- Detected ENTRY_MODIFY event for: app.yaml
00:43:22.829 [fs-watcher] DEBUG org.flossware.jfswatcher.FileSystemDeploymentWatcher -- Detected ENTRY_MODIFY event for: app.yaml
00:43:22.849 [fs-watcher] DEBUG org.flossware.jfswatcher.FileSystemDeploymentWatcher -- Detected ENTRY_MODIFY event for: app.yaml
00:43:22.870 [fs-watcher] DEBUG org.flossware.jfswatcher.FileSystemDeploymentWatcher -- Detected ENTRY_MODIFY event for: app.yaml
00:43:22.890 [fs-watcher] DEBUG org.flossware.jfswatcher.FileSystemDeploymentWatcher -- Detected ENTRY_MODIFY event for: app.yaml
00:43:22.991 [fs-watcher-debounce] DEBUG org.flossware.jfswatcher.FileSystemDeploymentWatcher -- Notifying listeners: descriptor modified - /tmp/junit13311436127712837275/app.yaml
00:43:23.492 [main] INFO org.flossware.jfswatcher.FileSystemDeploymentWatcher -- Stopping filesystem watcher
00:43:23.493 [fs-watcher] DEBUG org.flossware.jfswatcher.FileSystemDeploymentWatcher -- Watch loop interrupted
00:43:23.494 [fs-watcher] DEBUG org.flossware.jfswatcher.FileSystemDeploymentWatcher -- Watch loop exited
00:43:23.499 [main] INFO org.flossware.jfswatcher.FileSystemDeploymentWatcher -- Filesystem watcher stopped
]]></system-out>
  </testcase>
  <testcase name="testStartFileInsteadOfDirectory" classname="org.flossware.jfswatcher.FileSystemDeploymentWatcherTest" time="0.003"/>
  <testcase name="testListenerException" classname="org.flossware.jfswatcher.FileSystemDeploymentWatcherTest" time="0.116">
    <system-out><![CDATA[00:43:23.508 [main] DEBUG org.flossware.jfswatcher.FileSystemDeploymentWatcher -- Added deployment listener: org.flossware.jfswatcher.FileSystemDeploymentWatcherTest$8
00:43:23.508 [main] DEBUG org.flossware.jfswatcher.FileSystemDeploymentWatcher -- Added deployment listener: org.flossware.jfswatcher.FileSystemDeploymentWatcherTest$9
00:43:23.508 [main] INFO org.flossware.jfswatcher.FileSystemDeploymentWatcher -- Starting filesystem watcher on directory: /tmp/junit17615759469903890707
00:43:23.509 [main] INFO org.flossware.jfswatcher.FileSystemDeploymentWatcher -- Filesystem watcher started successfully
00:43:23.510 [main] DEBUG org.flossware.jfswatcher.FileSystemDeploymentWatcher -- Scanning for existing descriptor files
00:43:23.510 [fs-watcher] DEBUG org.flossware.jfswatcher.FileSystemDeploymentWatcher -- Watch loop started
00:43:23.510 [fs-watcher] DEBUG org.flossware.jfswatcher.FileSystemDeploymentWatcher -- Detected ENTRY_CREATE event for: app.yaml
00:43:23.510 [fs-watcher] DEBUG org.flossware.jfswatcher.FileSystemDeploymentWatcher -- Detected ENTRY_MODIFY event for: app.yaml
00:43:23.611 [fs-watcher-debounce] DEBUG org.flossware.jfswatcher.FileSystemDeploymentWatcher -- Notifying listeners: descriptor modified - /tmp/junit17615759469903890707/app.yaml
00:43:23.611 [fs-watcher-debounce] ERROR org.flossware.jfswatcher.FileSystemDeploymentWatcher -- Listener threw exception on descriptor modified
java.lang.RuntimeException: Test exception
	at org.flossware.jfswatcher.FileSystemDeploymentWatcherTest$8.throwException(FileSystemDeploymentWatcherTest.java:387)
	at org.flossware.jfswatcher.FileSystemDeploymentWatcherTest$8.onDescriptorModified(FileSystemDeploymentWatcherTest.java:397)
	at org.flossware.jfswatcher.FileSystemDeploymentWatcher.notifyDescriptorModified(FileSystemDeploymentWatcher.java:354)
	at org.flossware.jfswatcher.FileSystemDeploymentWatcher.lambda$watchLoop$3(FileSystemDeploymentWatcher.java:245)
	at org.flossware.jfswatcher.FileSystemDeploymentWatcher.lambda$scheduleEvent$5(FileSystemDeploymentWatcher.java:282)
	at java.base/java.util.concurrent.Executors$RunnableAdapter.call(Executors.java:572)
	at java.base/java.util.concurrent.FutureTask.run(FutureTask.java:317)
	at java.base/java.util.concurrent.ScheduledThreadPoolExecutor$ScheduledFutureTask.run(ScheduledThreadPoolExecutor.java:304)
	at java.base/java.util.concurrent.ThreadPoolExecutor.runWorker(ThreadPoolExecutor.java:1144)
	at java.base/java.util.concurrent.ThreadPoolExecutor$Worker.run(ThreadPoolExecutor.java:642)
	at java.base/java.lang.Thread.run(Thread.java:1583)
00:43:23.615 [main] INFO org.flossware.jfswatcher.FileSystemDeploymentWatcher -- Stopping filesystem watcher
00:43:23.616 [fs-watcher] DEBUG org.flossware.jfswatcher.FileSystemDeploymentWatcher -- Watch loop interrupted
00:43:23.616 [fs-watcher] DEBUG org.flossware.jfswatcher.FileSystemDeploymentWatcher -- Watch loop exited
00:43:23.621 [main] INFO org.flossware.jfswatcher.FileSystemDeploymentWatcher -- Filesystem watcher stopped
]]></system-out>
  </testcase>
  <testcase name="testConstructor" classname="org.flossware.jfswatcher.FileSystemDeploymentWatcherTest" time="0.002"/>
</testsuite>