<?xml version="1.0" encoding="UTF-8"?>
<testsuite xmlns:xsi="http://www.w3.org/2001/XMLSchema-instance" xsi:noNamespaceSchemaLocation="https://maven.apache.org/surefire/maven-surefire-plugin/xsd/surefire-test-report-3.0.xsd" version="3.0" name="org.flossware.jfswatcher.FileSystemDeploymentWatcherTest" time="2.639" tests="21" errors="0" skipped="0" failures="0">
  <properties>
[...]
</properties>
  <testcase name="testRemoveNullListener" classname="org.flossware.jfswatcher.FileSystemDeploymentWatcherTest" time="0.007"/>
  <testcase name="testRemoveListener" classname="org.flossware.jfswatcher.FileSystemDeploymentWatcherTest" time="0.004">
    <system-out><![CDATA[17:53:58.645 [main] DEBUG org.flossware.jfswatcher.FileSystemDeploymentWatcher -- Added deployment listener: org.flossware.jfswatcher.FileSystemDeploymentWatcherTest$TestListener
17:53:58.645 [main] DEBUG org.flossware.jfswatcher.FileSystemDeploymentWatcher -- Removed deployment listener: org.flossware.jfswatcher.FileSystemDeploymentWatcherTest$TestListener
]]></system-out>
  </testcase>
  <testcase name="testDetectNewFile" classname="org.flossware.jfswatcher.FileSystemDeploymentWatcherTest" time="0.115">
    <system-out><![CDATA[17:53:58.650 [main] DEBUG org.flossware.jfswatcher.FileSystemDeploymentWatcher -- Added deployment listener: org.flossware.jfswatcher.FileSystemDeploymentWatcherTest$1
17:53:58.651 [main] INFO org.flossware.jfswatcher.FileSystemDeploymentWatcher -- Starting filesystem watcher on directory: /tmp/junit-9693121058940793251
17:53:58.652 [main] INFO org.flossware.jfswatcher.FileSystemDeploymentWatcher -- Filesystem watcher started successfully
17:53:58.652 [main] DEBUG org.flossware.jfswatcher.FileSystemDeploymentWatcher -- Scanning for existing descriptor files
17:53:58.652 [fs-watcher] DEBUG org.flossware.jfswatcher.FileSystemDeploymentWatcher -- Watch loop started
17:53:58.653 [fs-watcher] DEBUG org.flossware.jfswatcher.FileSystemDeploymentWatcher -- Detected ENTRY_CREATE event for: app.yaml
17:53:58.653 [fs-watcher] DEBUG org.flossware.jfswatcher.FileSystemDeploymentWatcher -- Detected ENTRY_MODIFY event for: app.yaml
17:53:58.754 [fs-watcher-debounce] DEBUG org.flossware.jfswatcher.FileSystemDeploymentWatcher -- Notifying listeners: descriptor modified - /tmp/junit-9693121058940793251/app.yaml
17:53:58.756 [main] INFO org.flossware.jfswatcher.FileSystemDeploymentWatcher -- Stopping filesystem watcher
17:53:58.756 [fs-watcher] DEBUG org.flossware.jfswatcher.FileSystemDeploymentWatcher -- Watch loop interrupted
17:53:58.756 [fs-watcher] DEBUG org.flossware.jfswatcher.FileSystemDeploymentWatcher -- Watch loop exited
17:53:58.760 [main] INFO org.flossware.jfswatcher.FileSystemDeploymentWatcher -- Filesystem watcher stopped
]]></system-out>
  </testcase>
  <testcase name="testClose" classname="org.flossware.jfswatcher.FileSystemDeploymentWatcherTest" time="0.008">
    <system-out><![CDATA[17:53:58.764 [main] INFO org.flossware.jfswatcher.FileSystemDeploymentWatcher -- Starting filesystem watcher on directory: /tmp/junit-18165950102144383948
17:53:58.765 [main] INFO org.flossware.jfswatcher.FileSystemDeploymentWatcher -- Filesystem watcher started successfully
17:53:58.765 [main] DEBUG org.flossware.jfswatcher.FileSystemDeploymentWatcher -- Scanning for existing descriptor files
17:53:58.765 [fs-watcher] DEBUG org.flossware.jfswatcher.FileSystemDeploymentWatcher -- Watch loop started
17:53:58.765 [main] INFO org.flossware.jfswatcher.FileSystemDeploymentWatcher -- Stopping filesystem watcher
17:53:58.765 [fs-watcher] DEBUG org.flossware.jfswatcher.FileSystemDeploymentWatcher -- Watch loop interrupted
17:53:58.765 [fs-watcher] DEBUG org.flossware.jfswatcher.FileSystemDeploymentWatcher -- Watch loop exited
17:53:58.770 [main] INFO org.flossware.jfswatcher.FileSystemDeploymentWatcher -- Filesystem watcher stopped
]]></system-out>
  </testcase>
  <testcase name="testMultipleListeners" classname="org.flossware.jfswatcher.FileSystemDeploymentWatcherTest" time="0.113">
    <system-out><![CDATA[17:53:58.775 [main] DEBUG org.flossware.jfswatcher.FileSystemDeploymentWatcher -- Added deployment listener: org.flossware.jfswatcher.FileSystemDeploymentWatcherTest$6
17:53:58.775 [main] DEBUG org.flossware.jfswatcher.FileSystemDeploymentWatcher -- Added deployment listener: org.flossware.jfswatcher.FileSystemDeploymentWatcherTest$7
17:53:58.775 [main] INFO org.flossware.jfswatcher.FileSystemDeploymentWatcher -- Starting filesystem watcher on directory: /tmp/junit-16578077281462701243
17:53:58.776 [main] INFO org.flossware.jfswatcher.FileSystemDeploymentWatcher -- Filesystem watcher started successfully
17:53:58.776 [main] DEBUG org.flossware.jfswatcher.FileSystemDeploymentWatcher -- Scanning for existing descriptor files
17:53:58.776 [fs-watcher] DEBUG org.flossware.jfswatcher.FileSystemDeploymentWatcher -- Watch loop started
17:53:58.777 [fs-watcher] DEBUG org.flossware.jfswatcher.FileSystemDeploymentWatcher -- Detected ENTRY_CREATE event for: app.yaml
17:53:58.777 [fs-watcher] DEBUG org.flossware.jfswatcher.FileSystemDeploymentWatcher -- Detected ENTRY_MODIFY event for: app.yaml
17:53:58.878 [fs-watcher-debounce] DEBUG org.flossware.jfswatcher.FileSystemDeploymentWatcher -- Notifying listeners: descriptor modified - /tmp/junit-16578077281462701243/app.yaml
17:53:58.878 [main] INFO org.flossware.jfswatcher.FileSystemDeploymentWatcher -- Stopping filesystem watcher
17:53:58.879 [fs-watcher] DEBUG org.flossware.jfswatcher.FileSystemDeploymentWatcher -- Watch loop interrupted
17:53:58.879 [fs-watcher] DEBUG org.flossware.jfswatcher.FileSystemDeploymentWatcher -- Watch loop exited
17:53:58.883 [main] INFO org.flossware.jfswatcher.FileSystemDeploymentWatcher -- Filesystem watcher stopped
]]></system-out>
  </testcase>
  <testcase name="testStop" classname="org.flossware.jfswatcher.FileSystemDeploymentWatcherTest" time="0.004">
    <system-out><![CDATA[17:53:58.887 [main] INFO org.flossware.jfswatcher.FileSystemDeploymentWatcher -- Starting filesystem watcher on directory: /tmp/junit-8061804554703474909
17:53:58.888 [main] INFO org.flossware.jfswatcher.FileSystemDeploymentWatcher -- Filesystem watcher started successfully
17:53:58.888 [main] DEBUG org.flossware.jfswatcher.FileSystemDeploymentWatcher -- Scanning for existing descriptor files
17:53:58.888 [fs-watcher] DEBUG org.flossware.jfswatcher.FileSystemDeploymentWatcher -- Watch loop started
17:53:58.888 [main] INFO org.flossware.jfswatcher.FileSystemDeploymentWatcher -- Stopping filesystem watcher
17:53:58.888 [fs-watcher] DEBUG org.flossware.jfswatcher.FileSystemDeploymentWatcher -- Watch loop interrupted
17:53:58.888 [fs-watcher] DEBUG org.flossware.jfswatcher.FileSystemDeploymentWatcher -- Watch loop exited
17:53:58.889 [main] INFO org.flossware.jfswatcher.FileSystemDeploymentWatcher -- Filesystem watcher stopped
]]></system-out>
  </testcase>
  <testcase name="testAddNullListener" classname="org.flossware.jfswatcher.FileSystemDeploymentWatcherTest" time="0.003"/>
  <testcase name="testStartSuccess" classname="org.flossware.jfswatcher.FileSystemDeploymentWatcherTest" time="0.005">
    <system-out><![CDATA[17:53:58.895 [main] INFO org.flossware.jfswatcher.FileSystemDeploymentWatcher -- Starting filesystem watcher on directory: /tmp/junit-3552341705106510171
17:53:58.896 [main] INFO org.flossware.jfswatcher.FileSystemDeploymentWatcher -- Filesystem watcher started successfully
17:53:58.896 [fs-watcher] DEBUG org.flossware.jfswatcher.FileSystemDeploymentWatcher -- Watch loop started
17:53:58.896 [main] DEBUG org.flossware.jfswatcher.FileSystemDeploymentWatcher -- Scanning for existing descriptor files
17:53:58.897 [main] INFO org.flossware.jfswatcher.FileSystemDeploymentWatcher -- Stopping filesystem watcher
17:53:58.897 [fs-watcher] DEBUG org.flossware.jfswatcher.FileSystemDeploymentWatcher -- Watch loop interrupted
17:53:58.897 [fs-watcher] DEBUG org.flossware.jfswatcher.FileSystemDeploymentWatcher -- Watch loop exited
17:53:58.898 [main] INFO org.flossware.jfswatcher.FileSystemDeploymentWatcher -- Filesystem watcher stopped
]]></system-out>
  </testcase>
  <testcase name="testStopWhenNotRunning" classname="org.flossware.jfswatcher.FileSystemDeploymentWatcherTest" time="0.002">
    <system-out><![CDATA[17:53:58.901 [main] WARN org.flossware.jfswatcher.FileSystemDeploymentWatcher -- Watcher is not running
]]></system-out>
  </testcase>
  <testcase name="testDetectRemovedFile" classname="org.flossware.jfswatcher.FileSystemDeploymentWatcherTest" time="0.212">
    <system-out><![CDATA[17:53:58.904 [main] DEBUG org.flossware.jfswatcher.FileSystemDeploymentWatcher -- Added deployment listener: org.flossware.jfswatcher.FileSystemDeploymentWatcherTest$3
17:53:58.905 [main] INFO org.flossware.jfswatcher.FileSystemDeploymentWatcher -- Starting filesystem watcher on directory: /tmp/junit-2819114823098370003
17:53:58.905 [main] INFO org.flossware.jfswatcher.FileSystemDeploymentWatcher -- Filesystem watcher started successfully
17:53:58.905 [main] DEBUG org.flossware.jfswatcher.FileSystemDeploymentWatcher -- Scanning for existing descriptor files
17:53:58.905 [fs-watcher] DEBUG org.flossware.jfswatcher.FileSystemDeploymentWatcher -- Watch loop started
17:53:58.906 [main] DEBUG org.flossware.jfswatcher.FileSystemDeploymentWatcher -- Found existing descriptor: /tmp/junit-2819114823098370003/app.yaml
17:53:59.006 [fs-watcher-debounce] DEBUG org.flossware.jfswatcher.FileSystemDeploymentWatcher -- Notifying listeners: descriptor detected - /tmp/junit-2819114823098370003/app.yaml
17:53:59.007 [fs-watcher] DEBUG org.flossware.jfswatcher.FileSystemDeploymentWatcher -- Detected ENTRY_DELETE event for: app.yaml
17:53:59.107 [fs-watcher-debounce] DEBUG org.flossware.jfswatcher.FileSystemDeploymentWatcher -- Notifying listeners: descriptor removed - /tmp/junit-2819114823098370003/app.yaml
17:53:59.108 [main] INFO org.flossware.jfswatcher.FileSystemDeploymentWatcher -- Stopping filesystem watcher
17:53:59.108 [fs-watcher] DEBUG org.flossware.jfswatcher.FileSystemDeploymentWatcher -- Watch loop interrupted
17:53:59.108 [fs-watcher] DEBUG org.flossware.jfswatcher.FileSystemDeploymentWatcher -- Watch loop exited
17:53:59.113 [main] INFO org.flossware.jfswatcher.FileSystemDeploymentWatcher -- Filesystem watcher stopped
]]></system-out>
  </testcase>
  <testcase name="testStartNullWatchDirectory" classname="org.flossware.jfswatcher.FileSystemDeploymentWatcherTest" time="0.002"/>
  <testcase name="testAddListener" classname="org.flossware.jfswatcher.FileSystemDeploymentWatcherTest" time="0.002">
    <system-out><![CDATA[17:53:59.120 [main] DEBUG org.flossware.jfswatcher.FileSystemDeploymentWatcher -- Added deployment listener: org.flossware.jfswatcher.FileSystemDeploymentWatcherTest$TestListener
]]></system-out>
  </testcase>
  <testcase name="testConstructorNullConfig" classname="org.flossware.jfswatcher.FileSystemDeploymentWatcherTest" time="0.003"/>
  <testcase name="testStartNonExistentDirectory" classname="org.flossware.jfswatcher.FileSystemDeploymentWatcherTest" time="0.003"/>
  <testcase name="testDetectModifiedFile" classname="org.flossware.jfswatcher.FileSystemDeploymentWatcherTest" time="0.213">
    <system-out><![CDATA[17:53:59.130 [main] DEBUG org.flossware.jfswatcher.FileSystemDeploymentWatcher -- Added deployment listener: org.flossware.jfswatcher.FileSystemDeploymentWatcherTest$2
17:53:59.131 [main] INFO org.flossware.jfswatcher.FileSystemDeploymentWatcher -- Starting filesystem watcher on directory: /tmp/junit-4009920004731030625
17:53:59.132 [main] INFO org.flossware.jfswatcher.FileSystemDeploymentWatcher -- Filesystem watcher started successfully
17:53:59.132 [main] DEBUG org.flossware.jfswatcher.FileSystemDeploymentWatcher -- Scanning for existing descriptor files
17:53:59.132 [fs-watcher] DEBUG org.flossware.jfswatcher.FileSystemDeploymentWatcher -- Watch loop started
17:53:59.132 [main] DEBUG org.flossware.jfswatcher.FileSystemDeploymentWatcher -- Found existing descriptor: /tmp/junit-4009920004731030625/app.yaml
17:53:59.232 [fs-watcher-debounce] DEBUG org.flossware.jfswatcher.FileSystemDeploymentWatcher -- Notifying listeners: descriptor detected - /tmp/junit-4009920004731030625/app.yaml
17:53:59.233 [fs-watcher] DEBUG org.flossware.jfswatcher.FileSystemDeploymentWatcher -- Detected ENTRY_MODIFY event for: app.yaml
17:53:59.333 [fs-watcher-debounce] DEBUG org.flossware.jfswatcher.FileSystemDeploymentWatcher -- Notifying listeners: descriptor modified - /tmp/junit-4009920004731030625/app.yaml
17:53:59.334 [main] INFO org.flossware.jfswatcher.FileSystemDeploymentWatcher -- Stopping filesystem watcher
17:53:59.335 [fs-watcher] DEBUG org.flossware.jfswatcher.FileSystemDeploymentWatcher -- Watch loop interrupted
17:53:59.335 [fs-watcher] DEBUG org.flossware.jfswatcher.FileSystemDeploymentWatcher -- Watch loop exited
17:53:59.340 [main] INFO org.flossware.jfswatcher.FileSystemDeploymentWatcher -- Filesystem watcher stopped
]]></system-out>
  </testcase>
  <testcase name="testFileExtensionFiltering" classname="org.flossware.jfswatcher.FileSystemDeploymentWatcherTest" time="0.608">
    <system-out><![CDATA[17:53:59.344 [main] DEBUG org.flossware.jfswatcher.FileSystemDeploymentWatcher -- Added deployment listener: org.flossware.jfswatcher.FileSystemDeploymentWatcherTest$4
17:53:59.345 [main] INFO org.flossware.jfswatcher.FileSystemDeploymentWatcher -- Starting filesystem watcher on directory: /tmp/junit-4915400905371242125
17:53:59.346 [main] INFO org.flossware.jfswatcher.FileSystemDeploymentWatcher -- Filesystem watcher started successfully
17:53:59.346 [main] DEBUG org.flossware.jfswatcher.FileSystemDeploymentWatcher -- Scanning for existing descriptor files
17:53:59.346 [fs-watcher] DEBUG org.flossware.jfswatcher.FileSystemDeploymentWatcher -- Watch loop started
17:53:59.346 [fs-watcher] DEBUG org.flossware.jfswatcher.FileSystemDeploymentWatcher -- Detected ENTRY_CREATE event for: app.yaml
17:53:59.346 [fs-watcher] DEBUG org.flossware.jfswatcher.FileSystemDeploymentWatcher -- Detected ENTRY_MODIFY event for: app.yaml
17:53:59.447 [fs-watcher-debounce] DEBUG org.flossware.jfswatcher.FileSystemDeploymentWatcher -- Notifying listeners: descriptor modified - /tmp/junit-4915400905371242125/app.yaml
17:53:59.947 [main] INFO org.flossware.jfswatcher.FileSystemDeploymentWatcher -- Stopping filesystem watcher
17:53:59.948 [fs-watcher] DEBUG org.flossware.jfswatcher.FileSystemDeploymentWatcher -- Watch loop interrupted
17:53:59.948 [fs-watcher] DEBUG org.flossware.jfswatcher.FileSystemDeploymentWatcher -- Watch loop exited
17:53:59.949 [main] INFO org.flossware.jfswatcher.FileSystemDeploymentWatcher -- Filesystem watcher stopped
]]></system-out>
  </testcase>
  <testcase name="testStartAlreadyRunning" classname="org.flossware.jfswatcher.FileSystemDeploymentWatcherTest" time="0.005">
    <system-out><![CDATA[17:53:59.952 [main] INFO org.flossware.jfswatcher.FileSystemDeploymentWatcher -- Starting filesystem watcher on directory: /tmp/junit-6846540744836837976
17:53:59.953 [main] INFO org.flossware.jfswatcher.FileSystemDeploymentWatcher -- Filesystem watcher started successfully
17:53:59.954 [main] DEBUG org.flossware.jfswatcher.FileSystemDeploymentWatcher -- Scanning for existing descriptor files
17:53:59.954 [fs-watcher] DEBUG org.flossware.jfswatcher.FileSystemDeploymentWatcher -- Watch loop started
17:53:59.954 [main] WARN org.flossware.jfswatcher.FileSystemDeploymentWatcher -- Watcher is already running
17:53:59.954 [main] INFO org.flossware.jfswatcher.FileSystemDeploymentWatcher -- Stopping filesystem watcher
17:53:59.954 [fs-watcher] DEBUG org.flossware.jfswatcher.FileSystemDeploymentWatcher -- Watch loop interrupted
17:53:59.954 [fs-watcher] DEBUG org.flossware.jfswatcher.FileSystemDeploymentWatcher -- Watch loop exited
17:53:59.955 [main] INFO org.flossware.jfswatcher.FileSystemDeploymentWatcher -- Filesystem watcher stopped
]]></system-out>
  </testcase>
  <testcase name="testDebouncing" classname="org.flossware.jfswatcher.FileSystemDeploymentWatcherTest" time="1.19">
    <system-out><![CDATA[17:53:59.959 [main] DEBUG org.flossware.jfswatcher.FileSystemDeploymentWatcher -- Added deployment listener: org.flossware.jfswatcher.FileSystemDeploymentWatcherTest$5
17:53:59.959 [main] INFO org.flossware.jfswatcher.FileSystemDeploymentWatcher -- Starting filesystem watcher on directory: /tmp/junit-893790955355559863
17:53:59.960 [main] INFO org.flossware.jfswatcher.FileSystemDeploymentWatcher -- Filesystem watcher started successfully
17:53:59.960 [main] DEBUG org.flossware.jfswatcher.FileSystemDeploymentWatcher -- Scanning for existing descriptor files
17:53:59.960 [fs-watcher] DEBUG org.flossware.jfswatcher.FileSystemDeploymentWatcher -- Watch loop started
17:53:59.960 [main] DEBUG org.flossware.jfswatcher.FileSystemDeploymentWatcher -- Found existing descriptor: /tmp/junit-893790955355559863/app.yaml
17:54:00.060 [fs-watcher-debounce] DEBUG org.flossware.jfswatcher.FileSystemDeploymentWatcher -- Notifying listeners: descriptor detected - /tmp/junit-893790955355559863/app.yaml
17:54:00.461 [fs-watcher] DEBUG org.flossware.jfswatcher.FileSystemDeploymentWatcher -- Detected ENTRY_MODIFY event for: app.yaml
17:54:00.482 [fs-watcher] DEBUG org.flossware.jfswatcher.FileSystemDeploymentWatcher -- Detected ENTRY_MODIFY event for: app.yaml
17:54:00.502 [fs-watcher] DEBUG org.flossware.jfswatcher.FileSystemDeploymentWatcher -- Detected ENTRY_MODIFY event for: app.yaml
17:54:00.523 [fs-watcher] DEBUG org.flossware.jfswatcher.FileSystemDeploymentWatcher -- Detected ENTRY_MODIFY event for: app.yaml
17:54:00.543 [fs-watcher] DEBUG org.flossware.jfswatcher.FileSystemDeploymentWatcher -- Detected ENTRY_MODIFY event for: app.yaml
17:54:00.643 [fs-watcher-debounce] DEBUG org.flossware.jfswatcher.FileSystemDeploymentWatcher -- Notifying listeners: descriptor modified - /tmp/junit-893790955355559863/app.yaml
17:54:01.144 [main] INFO org.flossware.jfswatcher.FileSystemDeploymentWatcher -- Stopping filesystem watcher
17:54:01.145 [fs-watcher] DEBUG org.flossware.jfswatcher.FileSystemDeploymentWatcher -- Watch loop interrupted
17:54:01.145 [fs-watcher] DEBUG org.flossware.jfswatcher.FileSystemDeploymentWatcher -- Watch loop exited
17:54:01.146 [main] INFO org.flossware.jfswatcher.FileSystemDeploymentWatcher -- Filesystem watcher stopped
]]></system-out>
  </testcase>
  <testcase name="testStartFileInsteadOfDirectory" classname="org.flossware.jfswatcher.FileSystemDeploymentWatcherTest" time="0.003"/>
  <testcase name="testListenerException" classname="org.flossware.jfswatcher.FileSystemDeploymentWatcherTest" time="0.115">
    <system-out><![CDATA[17:54:01.155 [main] DEBUG org.flossware.jfswatcher.FileSystemDeploymentWatcher -- Added deployment listener: org.flossware.jfswatcher.FileSystemDeploymentWatcherTest$8
17:54:01.155 [main] DEBUG org.flossware.jfswatcher.FileSystemDeploymentWatcher -- Added deployment listener: org.flossware.jfswatcher.FileSystemDeploymentWatcherTest$9
17:54:01.155 [main] INFO org.flossware.jfswatcher.FileSystemDeploymentWatcher -- Starting filesystem watcher on directory: /tmp/junit-10917477039205756221
17:54:01.156 [main] INFO org.flossware.jfswatcher.FileSystemDeploymentWatcher -- Filesystem watcher started successfully
17:54:01.156 [main] DEBUG org.flossware.jfswatcher.FileSystemDeploymentWatcher -- Scanning for existing descriptor files
17:54:01.156 [fs-watcher] DEBUG org.flossware.jfswatcher.FileSystemDeploymentWatcher -- Watch loop started
17:54:01.157 [fs-watcher] DEBUG org.flossware.jfswatcher.FileSystemDeploymentWatcher -- Detected ENTRY_CREATE event for: app.yaml
17:54:01.157 [fs-watcher] DEBUG org.flossware.jfswatcher.FileSystemDeploymentWatcher -- Detected ENTRY_MODIFY event for: app.yaml
17:54:01.257 [fs-watcher-debounce] DEBUG org.flossware.jfswatcher.FileSystemDeploymentWatcher -- Notifying listeners: descriptor modified - /tmp/junit-10917477039205756221/app.yaml
17:54:01.257 [fs-watcher-debounce] ERROR org.flossware.jfswatcher.FileSystemDeploymentWatcher -- Listener threw exception on descriptor modified
java.lang.RuntimeException: Test exception
	at org.flossware.jfswatcher.FileSystemDeploymentWatcherTest$8.throwException(FileSystemDeploymentWatcherTest.java:387)
	at org.flossware.jfswatcher.FileSystemDeploymentWatcherTest$8.onDescriptorModified(FileSystemDeploymentWatcherTest.java:397)
	at org.flossware.jfswatcher.FileSystemDeploymentWatcher.notifyDescriptorModified(FileSystemDeploymentWatcher.java:354)
	at org.flossware.jfswatcher.FileSystemDeploymentWatcher.lambda$watchLoop$3(FileSystemDeploymentWatcher.java:245)
	at org.flossware.jfswatcher.FileSystemDeploymentWatcher.lambda$scheduleEvent$5(FileSystemDeploymentWatcher.java:282)
	at java.base/java.util.concurrent.Executors$RunnableAdapter.call(Executors.java:572)
	at java.base/java.util.concurrent.FutureTask.run(FutureTask.java:317)
	at java.base/java.util.concurrent.ScheduledThreadPoolExecutor$ScheduledFutureTask.run(ScheduledThreadPoolExecutor.java:304)
	at java.base/java.util.concurrent.ThreadPoolExecutor.runWorker(ThreadPoolExecutor.java:1144)
	at java.base/java.util.concurrent.ThreadPoolExecutor$Worker.run(ThreadPoolExecutor.java:642)
	at java.base/java.lang.Thread.run(Thread.java:1583)
17:54:01.258 [main] INFO org.flossware.jfswatcher.FileSystemDeploymentWatcher -- Stopping filesystem watcher
17:54:01.259 [fs-watcher] DEBUG org.flossware.jfswatcher.FileSystemDeploymentWatcher -- Watch loop interrupted
17:54:01.259 [fs-watcher] DEBUG org.flossware.jfswatcher.FileSystemDeploymentWatcher -- Watch loop exited
17:54:01.265 [main] INFO org.flossware.jfswatcher.FileSystemDeploymentWatcher -- Filesystem watcher stopped
]]></system-out>
  </testcase>
  <testcase name="testConstructor" classname="org.flossware.jfswatcher.FileSystemDeploymentWatcherTest" time="0.003"/>
</testsuite>