<?xml version="1.0" encoding="UTF-8"?>
<testsuite xmlns:xsi="http://www.w3.org/2001/XMLSchema-instance" xsi:noNamespaceSchemaLocation="https://maven.apache.org/surefire/maven-surefire-plugin/xsd/surefire-test-report-3.0.xsd" version="3.0" name="org.flossware.jfswatcher.FileSystemDeploymentWatcherEdgeCasesTest" time="7.098" tests="8" errors="0" skipped="0" failures="0">
  <properties>
[...]
</properties>
  <testcase name="testClosedWatchServiceException" classname="org.flossware.jfswatcher.FileSystemDeploymentWatcherEdgeCasesTest" time="0.916">
    <system-out><![CDATA[17:53:51.821 [main] DEBUG org.flossware.jfswatcher.FileSystemDeploymentWatcher -- Added deployment listener: org.flossware.jfswatcher.FileSystemDeploymentWatcherEdgeCasesTest$5
17:53:51.834 [main] INFO org.flossware.jfswatcher.FileSystemDeploymentWatcher -- Starting filesystem watcher on directory: /tmp/junit-16956646465819404693
17:53:51.842 [main] INFO org.flossware.jfswatcher.FileSystemDeploymentWatcher -- Filesystem watcher started successfully
17:53:51.842 [fs-watcher] DEBUG org.flossware.jfswatcher.FileSystemDeploymentWatcher -- Watch loop started
17:53:51.843 [main] DEBUG org.flossware.jfswatcher.FileSystemDeploymentWatcher -- Scanning for existing descriptor files
17:53:51.847 [fs-watcher] DEBUG org.flossware.jfswatcher.FileSystemDeploymentWatcher -- Detected ENTRY_CREATE event for: app.yaml
17:53:51.848 [fs-watcher] DEBUG org.flossware.jfswatcher.FileSystemDeploymentWatcher -- Detected ENTRY_MODIFY event for: app.yaml
17:53:52.349 [fs-watcher-debounce] DEBUG org.flossware.jfswatcher.FileSystemDeploymentWatcher -- Notifying listeners: descriptor modified - /tmp/junit-16956646465819404693/app.yaml
17:53:52.360 [main] INFO org.flossware.jfswatcher.FileSystemDeploymentWatcher -- Stopping filesystem watcher
17:53:52.361 [fs-watcher] DEBUG org.flossware.jfswatcher.FileSystemDeploymentWatcher -- Watch loop interrupted
17:53:52.362 [fs-watcher] DEBUG org.flossware.jfswatcher.FileSystemDeploymentWatcher -- Watch loop exited
17:53:52.363 [main] INFO org.flossware.jfswatcher.FileSystemDeploymentWatcher -- Filesystem watcher stopped
17:53:52.375 [main] WARN org.flossware.jfswatcher.FileSystemDeploymentWatcher -- Watcher is not running
]]></system-out>
  </testcase>
  <testcase name="testScanExistingFilesException" classname="org.flossware.jfswatcher.FileSystemDeploymentWatcherEdgeCasesTest" time="0.512">
    <system-out><![CDATA[17:53:52.463 [main] DEBUG org.flossware.jfswatcher.FileSystemDeploymentWatcher -- Added deployment listener: org.flossware.jfswatcher.FileSystemDeploymentWatcherEdgeCasesTest$1
17:53:52.464 [main] INFO org.flossware.jfswatcher.FileSystemDeploymentWatcher -- Starting filesystem watcher on directory: /tmp/junit-6663146826997849064
17:53:52.465 [main] INFO org.flossware.jfswatcher.FileSystemDeploymentWatcher -- Filesystem watcher started successfully
17:53:52.465 [fs-watcher] DEBUG org.flossware.jfswatcher.FileSystemDeploymentWatcher -- Watch loop started
17:53:52.465 [main] DEBUG org.flossware.jfswatcher.FileSystemDeploymentWatcher -- Scanning for existing descriptor files
17:53:52.466 [main] DEBUG org.flossware.jfswatcher.FileSystemDeploymentWatcher -- Found existing descriptor: /tmp/junit-6663146826997849064/app.yaml
17:53:52.967 [fs-watcher-debounce] DEBUG org.flossware.jfswatcher.FileSystemDeploymentWatcher -- Notifying listeners: descriptor detected - /tmp/junit-6663146826997849064/app.yaml
17:53:52.968 [main] INFO org.flossware.jfswatcher.FileSystemDeploymentWatcher -- Stopping filesystem watcher
17:53:52.969 [fs-watcher] DEBUG org.flossware.jfswatcher.FileSystemDeploymentWatcher -- Watch loop interrupted
17:53:52.969 [fs-watcher] DEBUG org.flossware.jfswatcher.FileSystemDeploymentWatcher -- Watch loop exited
17:53:52.970 [main] INFO org.flossware.jfswatcher.FileSystemDeploymentWatcher -- Filesystem watcher stopped
]]></system-out>
  </testcase>
  <testcase name="testWatchKeyInvalid" classname="org.flossware.jfswatcher.FileSystemDeploymentWatcherEdgeCasesTest" time="0.511">
    <system-out><![CDATA[17:53:52.976 [main] DEBUG org.flossware.jfswatcher.FileSystemDeploymentWatcher -- Added deployment listener: org.flossware.jfswatcher.FileSystemDeploymentWatcherEdgeCasesTest$4
17:53:52.977 [main] INFO org.flossware.jfswatcher.FileSystemDeploymentWatcher -- Starting filesystem watcher on directory: /tmp/junit-14163723495701223421
17:53:52.978 [main] INFO org.flossware.jfswatcher.FileSystemDeploymentWatcher -- Filesystem watcher started successfully
17:53:52.978 [fs-watcher] DEBUG org.flossware.jfswatcher.FileSystemDeploymentWatcher -- Watch loop started
17:53:52.978 [main] DEBUG org.flossware.jfswatcher.FileSystemDeploymentWatcher -- Scanning for existing descriptor files
17:53:52.978 [main] DEBUG org.flossware.jfswatcher.FileSystemDeploymentWatcher -- Found existing descriptor: /tmp/junit-14163723495701223421/app.yaml
17:53:53.479 [fs-watcher-debounce] DEBUG org.flossware.jfswatcher.FileSystemDeploymentWatcher -- Notifying listeners: descriptor detected - /tmp/junit-14163723495701223421/app.yaml
17:53:53.480 [main] INFO org.flossware.jfswatcher.FileSystemDeploymentWatcher -- Stopping filesystem watcher
17:53:53.481 [fs-watcher] DEBUG org.flossware.jfswatcher.FileSystemDeploymentWatcher -- Watch loop interrupted
17:53:53.481 [fs-watcher] DEBUG org.flossware.jfswatcher.FileSystemDeploymentWatcher -- Watch loop exited
17:53:53.482 [main] INFO org.flossware.jfswatcher.FileSystemDeploymentWatcher -- Filesystem watcher stopped
]]></system-out>
  </testcase>
  <testcase name="testStartException" classname="org.flossware.jfswatcher.FileSystemDeploymentWatcherEdgeCasesTest" time="0.008">
    <system-out><![CDATA[17:53:53.491 [main] WARN org.flossware.jfswatcher.FileSystemDeploymentWatcher -- Watcher is not running
]]></system-out>
  </testcase>
  <testcase name="testDescriptorDetectedListenerException" classname="org.flossware.jfswatcher.FileSystemDeploymentWatcherEdgeCasesTest" time="0.521">
    <system-out><![CDATA[17:53:53.496 [main] DEBUG org.flossware.jfswatcher.FileSystemDeploymentWatcher -- Added deployment listener: org.flossware.jfswatcher.FileSystemDeploymentWatcherEdgeCasesTest$2
17:53:53.497 [main] INFO org.flossware.jfswatcher.FileSystemDeploymentWatcher -- Starting filesystem watcher on directory: /tmp/junit-15344664451622856901
17:53:53.498 [main] INFO org.flossware.jfswatcher.FileSystemDeploymentWatcher -- Filesystem watcher started successfully
17:53:53.498 [fs-watcher] DEBUG org.flossware.jfswatcher.FileSystemDeploymentWatcher -- Watch loop started
17:53:53.498 [main] DEBUG org.flossware.jfswatcher.FileSystemDeploymentWatcher -- Scanning for existing descriptor files
17:53:53.499 [main] DEBUG org.flossware.jfswatcher.FileSystemDeploymentWatcher -- Found existing descriptor: /tmp/junit-15344664451622856901/app.yaml
17:53:53.999 [fs-watcher-debounce] DEBUG org.flossware.jfswatcher.FileSystemDeploymentWatcher -- Notifying listeners: descriptor detected - /tmp/junit-15344664451622856901/app.yaml
17:53:54.000 [fs-watcher-debounce] ERROR org.flossware.jfswatcher.FileSystemDeploymentWatcher -- Listener threw exception on descriptor detected
java.lang.RuntimeException: Test exception in onDescriptorDetected
	at org.flossware.jfswatcher.FileSystemDeploymentWatcherEdgeCasesTest$2.onDescriptorDetected(FileSystemDeploymentWatcherEdgeCasesTest.java:107)
	at org.flossware.jfswatcher.FileSystemDeploymentWatcher.notifyDescriptorDetected(FileSystemDeploymentWatcher.java:337)
	at org.flossware.jfswatcher.FileSystemDeploymentWatcher.lambda$scanExistingFiles$6(FileSystemDeploymentWatcher.java:301)
	at org.flossware.jfswatcher.FileSystemDeploymentWatcher.lambda$scheduleEvent$5(FileSystemDeploymentWatcher.java:282)
	at java.base/java.util.concurrent.Executors$RunnableAdapter.call(Executors.java:572)
	at java.base/java.util.concurrent.FutureTask.run(FutureTask.java:317)
	at java.base/java.util.concurrent.ScheduledThreadPoolExecutor$ScheduledFutureTask.run(ScheduledThreadPoolExecutor.java:304)
	at java.base/java.util.concurrent.ThreadPoolExecutor.runWorker(ThreadPoolExecutor.java:1144)
	at java.base/java.util.concurrent.ThreadPoolExecutor$Worker.run(ThreadPoolExecutor.java:642)
	at java.base/java.lang.Thread.run(Thread.java:1583)
17:53:54.005 [main] INFO org.flossware.jfswatcher.FileSystemDeploymentWatcher -- Stopping filesystem watcher
17:53:54.006 [fs-watcher] DEBUG org.flossware.jfswatcher.FileSystemDeploymentWatcher -- Watch loop interrupted
17:53:54.006 [fs-watcher] DEBUG org.flossware.jfswatcher.FileSystemDeploymentWatcher -- Watch loop exited
17:53:54.013 [main] INFO org.flossware.jfswatcher.FileSystemDeploymentWatcher -- Filesystem watcher stopped
]]></system-out>
  </testcase>
  <testcase name="testWatchEventOverflow" classname="org.flossware.jfswatcher.FileSystemDeploymentWatcherEdgeCasesTest" time="0.53">
    <system-out><![CDATA[17:53:54.018 [main] INFO org.flossware.jfswatcher.FileSystemDeploymentWatcher -- Starting filesystem watcher on directory: /tmp/junit-325564428077199755
17:53:54.019 [main] INFO org.flossware.jfswatcher.FileSystemDeploymentWatcher -- Filesystem watcher started successfully
17:53:54.020 [main] DEBUG org.flossware.jfswatcher.FileSystemDeploymentWatcher -- Scanning for existing descriptor files
17:53:54.020 [fs-watcher] DEBUG org.flossware.jfswatcher.FileSystemDeploymentWatcher -- Watch loop started
17:53:54.023 [fs-watcher] DEBUG org.flossware.jfswatcher.FileSystemDeploymentWatcher -- Detected ENTRY_CREATE event for: file0.yaml
17:53:54.024 [fs-watcher] DEBUG org.flossware.jfswatcher.FileSystemDeploymentWatcher -- Detected ENTRY_MODIFY event for: file0.yaml
17:53:54.024 [fs-watcher-debounce] DEBUG org.flossware.jfswatcher.FileSystemDeploymentWatcher -- Notifying listeners: descriptor detected - /tmp/junit-325564428077199755/file0.yaml
17:53:54.024 [fs-watcher-debounce] DEBUG org.flossware.jfswatcher.FileSystemDeploymentWatcher -- Notifying listeners: descriptor modified - /tmp/junit-325564428077199755/file0.yaml
17:53:54.024 [fs-watcher] DEBUG org.flossware.jfswatcher.FileSystemDeploymentWatcher -- Detected ENTRY_CREATE event for: file1.yaml
17:53:54.025 [fs-watcher-debounce] DEBUG org.flossware.jfswatcher.FileSystemDeploymentWatcher -- Notifying listeners: descriptor detected - /tmp/junit-325564428077199755/file1.yaml
17:53:54.025 [fs-watcher] DEBUG org.flossware.jfswatcher.FileSystemDeploymentWatcher -- Detected ENTRY_MODIFY event for: file1.yaml
17:53:54.025 [fs-watcher] DEBUG org.flossware.jfswatcher.FileSystemDeploymentWatcher -- Detected ENTRY_CREATE event for: file2.yaml
17:53:54.025 [fs-watcher-debounce] DEBUG org.flossware.jfswatcher.FileSystemDeploymentWatcher -- Notifying listeners: descriptor modified - /tmp/junit-325564428077199755/file1.yaml
17:53:54.026 [fs-watcher-debounce] DEBUG org.flossware.jfswatcher.FileSystemDeploymentWatcher -- Notifying listeners: descriptor detected - /tmp/junit-325564428077199755/file2.yaml
17:53:54.026 [fs-watcher] DEBUG org.flossware.jfswatcher.FileSystemDeploymentWatcher -- Detected ENTRY_MODIFY event for: file2.yaml
17:53:54.026 [fs-watcher-debounce] DEBUG org.flossware.jfswatcher.FileSystemDeploymentWatcher -- Notifying listeners: descriptor modified - /tmp/junit-325564428077199755/file2.yaml
17:53:54.026 [fs-watcher] DEBUG org.flossware.jfswatcher.FileSystemDeploymentWatcher -- Detected ENTRY_CREATE event for: file3.yaml
17:53:54.026 [fs-watcher-debounce] DEBUG org.flossware.jfswatcher.FileSystemDeploymentWatcher -- Notifying listeners: descriptor detected - /tmp/junit-325564428077199755/file3.yaml
17:53:54.026 [fs-watcher] DEBUG org.flossware.jfswatcher.FileSystemDeploymentWatcher -- Detected ENTRY_MODIFY event for: file3.yaml
17:53:54.027 [fs-watcher-debounce] DEBUG org.flossware.jfswatcher.FileSystemDeploymentWatcher -- Notifying listeners: descriptor modified - /tmp/junit-325564428077199755/file3.yaml
17:53:54.027 [fs-watcher] DEBUG org.flossware.jfswatcher.FileSystemDeploymentWatcher -- Detected ENTRY_CREATE event for: file4.yaml
17:53:54.027 [fs-watcher] DEBUG org.flossware.jfswatcher.FileSystemDeploymentWatcher -- Detected ENTRY_MODIFY event for: file4.yaml
17:53:54.027 [fs-watcher-debounce] DEBUG org.flossware.jfswatcher.FileSystemDeploymentWatcher -- Notifying listeners: descriptor detected - /tmp/junit-325564428077199755/file4.yaml
17:53:54.027 [fs-watcher] DEBUG org.flossware.jfswatcher.FileSystemDeploymentWatcher -- Detected ENTRY_CREATE event for: file5.yaml
17:53:54.027 [fs-watcher-debounce] DEBUG org.flossware.jfswatcher.FileSystemDeploymentWatcher -- Notifying listeners: descriptor modified - /tmp/junit-325564428077199755/file4.yaml
17:53:54.027 [fs-watcher] DEBUG org.flossware.jfswatcher.FileSystemDeploymentWatcher -- Detected ENTRY_MODIFY event for: file5.yaml
17:53:54.027 [fs-watcher-debounce] DEBUG org.flossware.jfswatcher.FileSystemDeploymentWatcher -- Notifying listeners: descriptor detected - /tmp/junit-325564428077199755/file5.yaml
17:53:54.028 [fs-watcher] DEBUG org.flossware.jfswatcher.FileSystemDeploymentWatcher -- Detected ENTRY_CREATE event for: file6.yaml
17:53:54.028 [fs-watcher-debounce] DEBUG org.flossware.jfswatcher.FileSystemDeploymentWatcher -- Notifying listeners: descriptor modified - /tmp/junit-325564428077199755/file5.yaml
17:53:54.028 [fs-watcher] DEBUG org.flossware.jfswatcher.FileSystemDeploymentWatcher -- Detected ENTRY_MODIFY event for: file6.yaml
17:53:54.028 [fs-watcher-debounce] DEBUG org.flossware.jfswatcher.FileSystemDeploymentWatcher -- Notifying listeners: descriptor detected - /tmp/junit-325564428077199755/file6.yaml
17:53:54.028 [fs-watcher] DEBUG org.flossware.jfswatcher.FileSystemDeploymentWatcher -- Detected ENTRY_CREATE event for: file7.yaml
17:53:54.028 [fs-watcher-debounce] DEBUG org.flossware.jfswatcher.FileSystemDeploymentWatcher -- Notifying listeners: descriptor modified - /tmp/junit-325564428077199755/file6.yaml
17:53:54.028 [fs-watcher-debounce] DEBUG org.flossware.jfswatcher.FileSystemDeploymentWatcher -- Notifying listeners: descriptor detected - /tmp/junit-325564428077199755/file7.yaml
17:53:54.028 [fs-watcher] DEBUG org.flossware.jfswatcher.FileSystemDeploymentWatcher -- Detected ENTRY_MODIFY event for: file7.yaml
17:53:54.028 [fs-watcher] DEBUG org.flossware.jfswatcher.FileSystemDeploymentWatcher -- Detected ENTRY_CREATE event for: file8.yaml
17:53:54.028 [fs-watcher-debounce] DEBUG org.flossware.jfswatcher.FileSystemDeploymentWatcher -- Notifying listeners: descriptor modified - /tmp/junit-325564428077199755/file7.yaml
17:53:54.029 [fs-watcher] DEBUG org.flossware.jfswatcher.FileSystemDeploymentWatcher -- Detected ENTRY_MODIFY event for: file8.yaml
17:53:54.029 [fs-watcher-debounce] DEBUG org.flossware.jfswatcher.FileSystemDeploymentWatcher -- Notifying listeners: descriptor detected - /tmp/junit-325564428077199755/file8.yaml
17:53:54.029 [fs-watcher] DEBUG org.flossware.jfswatcher.FileSystemDeploymentWatcher -- Detected ENTRY_CREATE event for: file9.yaml
17:53:54.029 [fs-watcher-debounce] DEBUG org.flossware.jfswatcher.FileSystemDeploymentWatcher -- Notifying listeners: descriptor modified - /tmp/junit-325564428077199755/file8.yaml
17:53:54.029 [fs-watcher] DEBUG org.flossware.jfswatcher.FileSystemDeploymentWatcher -- Detected ENTRY_MODIFY event for: file9.yaml
17:53:54.029 [fs-watcher-debounce] DEBUG org.flossware.jfswatcher.FileSystemDeploymentWatcher -- Notifying listeners: descriptor detected - /tmp/junit-325564428077199755/file9.yaml
17:53:54.029 [fs-watcher] DEBUG org.flossware.jfswatcher.FileSystemDeploymentWatcher -- Detected ENTRY_CREATE event for: file10.yaml
17:53:54.029 [fs-watcher-debounce] DEBUG org.flossware.jfswatcher.FileSystemDeploymentWatcher -- Notifying listeners: descriptor modified - /tmp/junit-325564428077199755/file9.yaml
17:53:54.029 [fs-watcher-debounce] DEBUG org.flossware.jfswatcher.FileSystemDeploymentWatcher -- Notifying listeners: descriptor detected - /tmp/junit-325564428077199755/file10.yaml
17:53:54.029 [fs-watcher] DEBUG org.flossware.jfswatcher.FileSystemDeploymentWatcher -- Detected ENTRY_MODIFY event for: file10.yaml
17:53:54.030 [fs-watcher] DEBUG org.flossware.jfswatcher.FileSystemDeploymentWatcher -- Detected ENTRY_CREATE event for: file11.yaml
17:53:54.030 [fs-watcher-debounce] DEBUG org.flossware.jfswatcher.FileSystemDeploymentWatcher -- Notifying listeners: descriptor modified - /tmp/junit-325564428077199755/file10.yaml
17:53:54.030 [fs-watcher] DEBUG org.flossware.jfswatcher.FileSystemDeploymentWatcher -- Detected ENTRY_MODIFY event for: file11.yaml
17:53:54.030 [fs-watcher-debounce] DEBUG org.flossware.jfswatcher.FileSystemDeploymentWatcher -- Notifying listeners: descriptor detected - /tmp/junit-325564428077199755/file11.yaml
17:53:54.030 [fs-watcher] DEBUG org.flossware.jfswatcher.FileSystemDeploymentWatcher -- Detected ENTRY_CREATE event for: file12.yaml
17:53:54.030 [fs-watcher-debounce] DEBUG org.flossware.jfswatcher.FileSystemDeploymentWatcher -- Notifying listeners: descriptor modified - /tmp/junit-325564428077199755/file11.yaml
17:53:54.030 [fs-watcher] DEBUG org.flossware.jfswatcher.FileSystemDeploymentWatcher -- Detected ENTRY_MODIFY event for: file12.yaml
17:53:54.030 [fs-watcher-debounce] DEBUG org.flossware.jfswatcher.FileSystemDeploymentWatcher -- Notifying listeners: descriptor detected - /tmp/junit-325564428077199755/file12.yaml
17:53:54.030 [fs-watcher] DEBUG org.flossware.jfswatcher.FileSystemDeploymentWatcher -- Detected ENTRY_CREATE event for: file13.yaml
17:53:54.030 [fs-watcher-debounce] DEBUG org.flossware.jfswatcher.FileSystemDeploymentWatcher -- Notifying listeners: descriptor modified - /tmp/junit-325564428077199755/file12.yaml
17:53:54.031 [fs-watcher-debounce] DEBUG org.flossware.jfswatcher.FileSystemDeploymentWatcher -- Notifying listeners: descriptor detected - /tmp/junit-325564428077199755/file13.yaml
17:53:54.031 [fs-watcher] DEBUG org.flossware.jfswatcher.FileSystemDeploymentWatcher -- Detected ENTRY_MODIFY event for: file13.yaml
17:53:54.031 [fs-watcher-debounce] DEBUG org.flossware.jfswatcher.FileSystemDeploymentWatcher -- Notifying listeners: descriptor modified - /tmp/junit-325564428077199755/file13.yaml
17:53:54.031 [fs-watcher] DEBUG org.flossware.jfswatcher.FileSystemDeploymentWatcher -- Detected ENTRY_CREATE event for: file14.yaml
17:53:54.031 [fs-watcher-debounce] DEBUG org.flossware.jfswatcher.FileSystemDeploymentWatcher -- Notifying listeners: descriptor detected - /tmp/junit-325564428077199755/file14.yaml
17:53:54.031 [fs-watcher] DEBUG org.flossware.jfswatcher.FileSystemDeploymentWatcher -- Detected ENTRY_MODIFY event for: file14.yaml
17:53:54.031 [fs-watcher-debounce] DEBUG org.flossware.jfswatcher.FileSystemDeploymentWatcher -- Notifying listeners: descriptor modified - /tmp/junit-325564428077199755/file14.yaml
17:53:54.031 [fs-watcher] DEBUG org.flossware.jfswatcher.FileSystemDeploymentWatcher -- Detected ENTRY_CREATE event for: file15.yaml
17:53:54.032 [fs-watcher-debounce] DEBUG org.flossware.jfswatcher.FileSystemDeploymentWatcher -- Notifying listeners: descriptor detected - /tmp/junit-325564428077199755/file15.yaml
17:53:54.032 [fs-watcher] DEBUG org.flossware.jfswatcher.FileSystemDeploymentWatcher -- Detected ENTRY_MODIFY event for: file15.yaml
17:53:54.032 [fs-watcher] DEBUG org.flossware.jfswatcher.FileSystemDeploymentWatcher -- Detected ENTRY_CREATE event for: file16.yaml
17:53:54.032 [fs-watcher-debounce] DEBUG org.flossware.jfswatcher.FileSystemDeploymentWatcher -- Notifying listeners: descriptor modified - /tmp/junit-325564428077199755/file15.yaml
17:53:54.033 [fs-watcher-debounce] DEBUG org.flossware.jfswatcher.FileSystemDeploymentWatcher -- Notifying listeners: descriptor detected - /tmp/junit-325564428077199755/file16.yaml
17:53:54.033 [fs-watcher] DEBUG org.flossware.jfswatcher.FileSystemDeploymentWatcher -- Detected ENTRY_MODIFY event for: file16.yaml
17:53:54.033 [fs-watcher] DEBUG org.flossware.jfswatcher.FileSystemDeploymentWatcher -- Detected ENTRY_CREATE event for: file17.yaml
17:53:54.033 [fs-watcher-debounce] DEBUG org.flossware.jfswatcher.FileSystemDeploymentWatcher -- Notifying listeners: descriptor modified - /tmp/junit-325564428077199755/file16.yaml
17:53:54.033 [fs-watcher] DEBUG org.flossware.jfswatcher.FileSystemDeploymentWatcher -- Detected ENTRY_MODIFY event for: file17.yaml
17:53:54.033 [fs-watcher-debounce] DEBUG org.flossware.jfswatcher.FileSystemDeploymentWatcher -- Notifying listeners: descriptor detected - /tmp/junit-325564428077199755/file17.yaml
17:53:54.033 [fs-watcher-debounce] DEBUG org.flossware.jfswatcher.FileSystemDeploymentWatcher -- Notifying listeners: descriptor modified - /tmp/junit-325564428077199755/file17.yaml
17:53:54.033 [fs-watcher] DEBUG org.flossware.jfswatcher.FileSystemDeploymentWatcher -- Detected ENTRY_CREATE event for: file18.yaml
17:53:54.034 [fs-watcher] DEBUG org.flossware.jfswatcher.FileSystemDeploymentWatcher -- Detected ENTRY_MODIFY event for: file18.yaml
17:53:54.034 [fs-watcher-debounce] DEBUG org.flossware.jfswatcher.FileSystemDeploymentWatcher -- Notifying listeners: descriptor detected - /tmp/junit-325564428077199755/file18.yaml
17:53:54.034 [fs-watcher-debounce] DEBUG org.flossware.jfswatcher.FileSystemDeploymentWatcher -- Notifying listeners: descriptor modified - /tmp/junit-325564428077199755/file18.yaml
17:53:54.034 [fs-watcher] DEBUG org.flossware.jfswatcher.FileSystemDeploymentWatcher -- Detected ENTRY_CREATE event for: file19.yaml
17:53:54.035 [fs-watcher-debounce] DEBUG org.flossware.jfswatcher.FileSystemDeploymentWatcher -- Notifying listeners: descriptor detected - /tmp/junit-325564428077199755/file19.yaml
17:53:54.035 [fs-watcher] DEBUG org.flossware.jfswatcher.FileSystemDeploymentWatcher -- Detected ENTRY_MODIFY event for: file19.yaml
17:53:54.035 [fs-watcher] DEBUG org.flossware.jfswatcher.FileSystemDeploymentWatcher -- Detected ENTRY_CREATE event for: file20.yaml
17:53:54.035 [fs-watcher-debounce] DEBUG org.flossware.jfswatcher.FileSystemDeploymentWatcher -- Notifying listeners: descriptor modified - /tmp/junit-325564428077199755/file19.yaml
17:53:54.035 [fs-watcher-debounce] DEBUG org.flossware.jfswatcher.FileSystemDeploymentWatcher -- Notifying listeners: descriptor detected - /tmp/junit-325564428077199755/file20.yaml
17:53:54.035 [fs-watcher] DEBUG org.flossware.jfswatcher.FileSystemDeploymentWatcher -- Detected ENTRY_MODIFY event for: file20.yaml
17:53:54.036 [fs-watcher-debounce] DEBUG org.flossware.jfswatcher.FileSystemDeploymentWatcher -- Notifying listeners: descriptor modified - /tmp/junit-325564428077199755/file20.yaml
17:53:54.036 [fs-watcher] DEBUG org.flossware.jfswatcher.FileSystemDeploymentWatcher -- Detected ENTRY_CREATE event for: file21.yaml
17:53:54.036 [fs-watcher-debounce] DEBUG org.flossware.jfswatcher.FileSystemDeploymentWatcher -- Notifying listeners: descriptor detected - /tmp/junit-325564428077199755/file21.yaml
17:53:54.036 [fs-watcher] DEBUG org.flossware.jfswatcher.FileSystemDeploymentWatcher -- Detected ENTRY_MODIFY event for: file21.yaml
17:53:54.036 [fs-watcher] DEBUG org.flossware.jfswatcher.FileSystemDeploymentWatcher -- Detected ENTRY_CREATE event for: file22.yaml
17:53:54.037 [fs-watcher] DEBUG org.flossware.jfswatcher.FileSystemDeploymentWatcher -- Detected ENTRY_MODIFY event for: file22.yaml
17:53:54.037 [fs-watcher-debounce] DEBUG org.flossware.jfswatcher.FileSystemDeploymentWatcher -- Notifying listeners: descriptor modified - /tmp/junit-325564428077199755/file21.yaml
17:53:54.037 [fs-watcher] DEBUG org.flossware.jfswatcher.FileSystemDeploymentWatcher -- Detected ENTRY_CREATE event for: file23.yaml
17:53:54.037 [fs-watcher-debounce] DEBUG org.flossware.jfswatcher.FileSystemDeploymentWatcher -- Notifying listeners: descriptor modified - /tmp/junit-325564428077199755/file22.yaml
17:53:54.037 [fs-watcher-debounce] DEBUG org.flossware.jfswatcher.FileSystemDeploymentWatcher -- Notifying listeners: descriptor detected - /tmp/junit-325564428077199755/file22.yaml
17:53:54.037 [fs-watcher] DEBUG org.flossware.jfswatcher.FileSystemDeploymentWatcher -- Detected ENTRY_MODIFY event for: file23.yaml
17:53:54.037 [fs-watcher-debounce] DEBUG org.flossware.jfswatcher.FileSystemDeploymentWatcher -- Notifying listeners: descriptor detected - /tmp/junit-325564428077199755/file23.yaml
17:53:54.037 [fs-watcher] DEBUG org.flossware.jfswatcher.FileSystemDeploymentWatcher -- Detected ENTRY_CREATE event for: file24.yaml
17:53:54.037 [fs-watcher-debounce] DEBUG org.flossware.jfswatcher.FileSystemDeploymentWatcher -- Notifying listeners: descriptor modified - /tmp/junit-325564428077199755/file23.yaml
17:53:54.038 [fs-watcher] DEBUG org.flossware.jfswatcher.FileSystemDeploymentWatcher -- Detected ENTRY_MODIFY event for: file24.yaml
17:53:54.038 [fs-watcher-debounce] DEBUG org.flossware.jfswatcher.FileSystemDeploymentWatcher -- Notifying listeners: descriptor detected - /tmp/junit-325564428077199755/file24.yaml
17:53:54.039 [fs-watcher] DEBUG org.flossware.jfswatcher.FileSystemDeploymentWatcher -- Detected ENTRY_CREATE event for: file25.yaml
17:53:54.039 [fs-watcher-debounce] DEBUG org.flossware.jfswatcher.FileSystemDeploymentWatcher -- Notifying listeners: descriptor modified - /tmp/junit-325564428077199755/file24.yaml
17:53:54.039 [fs-watcher] DEBUG org.flossware.jfswatcher.FileSystemDeploymentWatcher -- Detected ENTRY_MODIFY event for: file25.yaml
17:53:54.039 [fs-watcher-debounce] DEBUG org.flossware.jfswatcher.FileSystemDeploymentWatcher -- Notifying listeners: descriptor detected - /tmp/junit-325564428077199755/file25.yaml
17:53:54.039 [fs-watcher] DEBUG org.flossware.jfswatcher.FileSystemDeploymentWatcher -- Detected ENTRY_CREATE event for: file26.yaml
17:53:54.040 [fs-watcher] DEBUG org.flossware.jfswatcher.FileSystemDeploymentWatcher -- Detected ENTRY_MODIFY event for: file26.yaml
17:53:54.040 [fs-watcher-debounce] DEBUG org.flossware.jfswatcher.FileSystemDeploymentWatcher -- Notifying listeners: descriptor detected - /tmp/junit-325564428077199755/file26.yaml
17:53:54.040 [fs-watcher-debounce] DEBUG org.flossware.jfswatcher.FileSystemDeploymentWatcher -- Notifying listeners: descriptor modified - /tmp/junit-325564428077199755/file26.yaml
17:53:54.040 [fs-watcher-debounce] DEBUG org.flossware.jfswatcher.FileSystemDeploymentWatcher -- Notifying listeners: descriptor modified - /tmp/junit-325564428077199755/file25.yaml
17:53:54.040 [fs-watcher] DEBUG org.flossware.jfswatcher.FileSystemDeploymentWatcher -- Detected ENTRY_CREATE event for: file27.yaml
17:53:54.040 [fs-watcher] DEBUG org.flossware.jfswatcher.FileSystemDeploymentWatcher -- Detected ENTRY_MODIFY event for: file27.yaml
17:53:54.040 [fs-watcher-debounce] DEBUG org.flossware.jfswatcher.FileSystemDeploymentWatcher -- Notifying listeners: descriptor detected - /tmp/junit-325564428077199755/file27.yaml
17:53:54.041 [fs-watcher] DEBUG org.flossware.jfswatcher.FileSystemDeploymentWatcher -- Detected ENTRY_CREATE event for: file28.yaml
17:53:54.041 [fs-watcher-debounce] DEBUG org.flossware.jfswatcher.FileSystemDeploymentWatcher -- Notifying listeners: descriptor modified - /tmp/junit-325564428077199755/file27.yaml
17:53:54.041 [fs-watcher] DEBUG org.flossware.jfswatcher.FileSystemDeploymentWatcher -- Detected ENTRY_MODIFY event for: file28.yaml
17:53:54.041 [fs-watcher-debounce] DEBUG org.flossware.jfswatcher.FileSystemDeploymentWatcher -- Notifying listeners: descriptor detected - /tmp/junit-325564428077199755/file28.yaml
17:53:54.041 [fs-watcher] DEBUG org.flossware.jfswatcher.FileSystemDeploymentWatcher -- Detected ENTRY_CREATE event for: file29.yaml
17:53:54.041 [fs-watcher-debounce] DEBUG org.flossware.jfswatcher.FileSystemDeploymentWatcher -- Notifying listeners: descriptor modified - /tmp/junit-325564428077199755/file28.yaml
17:53:54.042 [fs-watcher] DEBUG org.flossware.jfswatcher.FileSystemDeploymentWatcher -- Detected ENTRY_MODIFY event for: file29.yaml
17:53:54.042 [fs-watcher-debounce] DEBUG org.flossware.jfswatcher.FileSystemDeploymentWatcher -- Notifying listeners: descriptor detected - /tmp/junit-325564428077199755/file29.yaml
17:53:54.042 [fs-watcher-debounce] DEBUG org.flossware.jfswatcher.FileSystemDeploymentWatcher -- Notifying listeners: descriptor modified - /tmp/junit-325564428077199755/file29.yaml
17:53:54.042 [fs-watcher] DEBUG org.flossware.jfswatcher.FileSystemDeploymentWatcher -- Detected ENTRY_CREATE event for: file30.yaml
17:53:54.042 [fs-watcher] DEBUG org.flossware.jfswatcher.FileSystemDeploymentWatcher -- Detected ENTRY_MODIFY event for: file30.yaml
17:53:54.042 [fs-watcher-debounce] DEBUG org.flossware.jfswatcher.FileSystemDeploymentWatcher -- Notifying listeners: descriptor detected - /tmp/junit-325564428077199755/file30.yaml
17:53:54.042 [fs-watcher] DEBUG org.flossware.jfswatcher.FileSystemDeploymentWatcher -- Detected ENTRY_CREATE event for: file31.yaml
17:53:54.042 [fs-watcher-debounce] DEBUG org.flossware.jfswatcher.FileSystemDeploymentWatcher -- Notifying listeners: descriptor modified - /tmp/junit-325564428077199755/file30.yaml
17:53:54.043 [fs-watcher-debounce] DEBUG org.flossware.jfswatcher.FileSystemDeploymentWatcher -- Notifying listeners: descriptor detected - /tmp/junit-325564428077199755/file31.yaml
17:53:54.043 [fs-watcher] DEBUG org.flossware.jfswatcher.FileSystemDeploymentWatcher -- Detected ENTRY_MODIFY event for: file31.yaml
17:53:54.043 [fs-watcher] DEBUG org.flossware.jfswatcher.FileSystemDeploymentWatcher -- Detected ENTRY_CREATE event for: file32.yaml
17:53:54.043 [fs-watcher-debounce] DEBUG org.flossware.jfswatcher.FileSystemDeploymentWatcher -- Notifying listeners: descriptor modified - /tmp/junit-325564428077199755/file31.yaml
17:53:54.043 [fs-watcher] DEBUG org.flossware.jfswatcher.FileSystemDeploymentWatcher -- Detected ENTRY_MODIFY event for: file32.yaml
17:53:54.043 [fs-watcher-debounce] DEBUG org.flossware.jfswatcher.FileSystemDeploymentWatcher -- Notifying listeners: descriptor detected - /tmp/junit-325564428077199755/file32.yaml
17:53:54.043 [fs-watcher] DEBUG org.flossware.jfswatcher.FileSystemDeploymentWatcher -- Detected ENTRY_CREATE event for: file33.yaml
17:53:54.043 [fs-watcher] DEBUG org.flossware.jfswatcher.FileSystemDeploymentWatcher -- Detected ENTRY_MODIFY event for: file33.yaml
17:53:54.044 [fs-watcher] DEBUG org.flossware.jfswatcher.FileSystemDeploymentWatcher -- Detected ENTRY_CREATE event for: file34.yaml
17:53:54.043 [fs-watcher-debounce] DEBUG org.flossware.jfswatcher.FileSystemDeploymentWatcher -- Notifying listeners: descriptor modified - /tmp/junit-325564428077199755/file32.yaml
17:53:54.043 [fs-watcher-debounce] DEBUG org.flossware.jfswatcher.FileSystemDeploymentWatcher -- Notifying listeners: descriptor detected - /tmp/junit-325564428077199755/file33.yaml
17:53:54.044 [fs-watcher-debounce] DEBUG org.flossware.jfswatcher.FileSystemDeploymentWatcher -- Notifying listeners: descriptor modified - /tmp/junit-325564428077199755/file33.yaml
17:53:54.044 [fs-watcher] DEBUG org.flossware.jfswatcher.FileSystemDeploymentWatcher -- Detected ENTRY_MODIFY event for: file34.yaml
17:53:54.044 [fs-watcher-debounce] DEBUG org.flossware.jfswatcher.FileSystemDeploymentWatcher -- Notifying listeners: descriptor detected - /tmp/junit-325564428077199755/file34.yaml
17:53:54.045 [fs-watcher-debounce] DEBUG org.flossware.jfswatcher.FileSystemDeploymentWatcher -- Notifying listeners: descriptor modified - /tmp/junit-325564428077199755/file34.yaml
17:53:54.045 [fs-watcher] DEBUG org.flossware.jfswatcher.FileSystemDeploymentWatcher -- Detected ENTRY_CREATE event for: file35.yaml
17:53:54.045 [fs-watcher] DEBUG org.flossware.jfswatcher.FileSystemDeploymentWatcher -- Detected ENTRY_MODIFY event for: file35.yaml
17:53:54.045 [fs-watcher-debounce] DEBUG org.flossware.jfswatcher.FileSystemDeploymentWatcher -- Notifying listeners: descriptor detected - /tmp/junit-325564428077199755/file35.yaml
17:53:54.045 [fs-watcher] DEBUG org.flossware.jfswatcher.FileSystemDeploymentWatcher -- Detected ENTRY_CREATE event for: file36.yaml
17:53:54.045 [fs-watcher-debounce] DEBUG org.flossware.jfswatcher.FileSystemDeploymentWatcher -- Notifying listeners: descriptor modified - /tmp/junit-325564428077199755/file35.yaml
17:53:54.045 [fs-watcher] DEBUG org.flossware.jfswatcher.FileSystemDeploymentWatcher -- Detected ENTRY_MODIFY event for: file36.yaml
17:53:54.045 [fs-watcher] DEBUG org.flossware.jfswatcher.FileSystemDeploymentWatcher -- Detected ENTRY_CREATE event for: file37.yaml
17:53:54.045 [fs-watcher] DEBUG org.flossware.jfswatcher.FileSystemDeploymentWatcher -- Detected ENTRY_MODIFY event for: file37.yaml
17:53:54.045 [fs-watcher-debounce] DEBUG org.flossware.jfswatcher.FileSystemDeploymentWatcher -- Notifying listeners: descriptor detected - /tmp/junit-325564428077199755/file36.yaml
17:53:54.045 [fs-watcher-debounce] DEBUG org.flossware.jfswatcher.FileSystemDeploymentWatcher -- Notifying listeners: descriptor modified - /tmp/junit-325564428077199755/file36.yaml
17:53:54.046 [fs-watcher] DEBUG org.flossware.jfswatcher.FileSystemDeploymentWatcher -- Detected ENTRY_CREATE event for: file38.yaml
17:53:54.046 [fs-watcher-debounce] DEBUG org.flossware.jfswatcher.FileSystemDeploymentWatcher -- Notifying listeners: descriptor modified - /tmp/junit-325564428077199755/file37.yaml
17:53:54.046 [fs-watcher] DEBUG org.flossware.jfswatcher.FileSystemDeploymentWatcher -- Detected ENTRY_MODIFY event for: file38.yaml
17:53:54.046 [fs-watcher-debounce] DEBUG org.flossware.jfswatcher.FileSystemDeploymentWatcher -- Notifying listeners: descriptor detected - /tmp/junit-325564428077199755/file38.yaml
17:53:54.046 [fs-watcher] DEBUG org.flossware.jfswatcher.FileSystemDeploymentWatcher -- Detected ENTRY_CREATE event for: file39.yaml
17:53:54.047 [fs-watcher-debounce] DEBUG org.flossware.jfswatcher.FileSystemDeploymentWatcher -- Notifying listeners: descriptor modified - /tmp/junit-325564428077199755/file38.yaml
17:53:54.047 [fs-watcher] DEBUG org.flossware.jfswatcher.FileSystemDeploymentWatcher -- Detected ENTRY_MODIFY event for: file39.yaml
17:53:54.047 [fs-watcher-debounce] DEBUG org.flossware.jfswatcher.FileSystemDeploymentWatcher -- Notifying listeners: descriptor detected - /tmp/junit-325564428077199755/file39.yaml
17:53:54.047 [fs-watcher] DEBUG org.flossware.jfswatcher.FileSystemDeploymentWatcher -- Detected ENTRY_CREATE event for: file40.yaml
17:53:54.047 [fs-watcher-debounce] DEBUG org.flossware.jfswatcher.FileSystemDeploymentWatcher -- Notifying listeners: descriptor modified - /tmp/junit-325564428077199755/file39.yaml
17:53:54.047 [fs-watcher] DEBUG org.flossware.jfswatcher.FileSystemDeploymentWatcher -- Detected ENTRY_MODIFY event for: file40.yaml
17:53:54.047 [fs-watcher-debounce] DEBUG org.flossware.jfswatcher.FileSystemDeploymentWatcher -- Notifying listeners: descriptor detected - /tmp/junit-325564428077199755/file40.yaml
17:53:54.047 [fs-watcher] DEBUG org.flossware.jfswatcher.FileSystemDeploymentWatcher -- Detected ENTRY_CREATE event for: file41.yaml
17:53:54.047 [fs-watcher-debounce] DEBUG org.flossware.jfswatcher.FileSystemDeploymentWatcher -- Notifying listeners: descriptor modified - /tmp/junit-325564428077199755/file40.yaml
17:53:54.047 [fs-watcher] DEBUG org.flossware.jfswatcher.FileSystemDeploymentWatcher -- Detected ENTRY_MODIFY event for: file41.yaml
17:53:54.047 [fs-watcher-debounce] DEBUG org.flossware.jfswatcher.FileSystemDeploymentWatcher -- Notifying listeners: descriptor detected - /tmp/junit-325564428077199755/file41.yaml
17:53:54.047 [fs-watcher] DEBUG org.flossware.jfswatcher.FileSystemDeploymentWatcher -- Detected ENTRY_CREATE event for: file42.yaml
17:53:54.047 [fs-watcher] DEBUG org.flossware.jfswatcher.FileSystemDeploymentWatcher -- Detected ENTRY_MODIFY event for: file42.yaml
17:53:54.047 [fs-watcher-debounce] DEBUG org.flossware.jfswatcher.FileSystemDeploymentWatcher -- Notifying listeners: descriptor modified - /tmp/junit-325564428077199755/file41.yaml
17:53:54.047 [fs-watcher-debounce] DEBUG org.flossware.jfswatcher.FileSystemDeploymentWatcher -- Notifying listeners: descriptor detected - /tmp/junit-325564428077199755/file42.yaml
17:53:54.048 [fs-watcher] DEBUG org.flossware.jfswatcher.FileSystemDeploymentWatcher -- Detected ENTRY_CREATE event for: file43.yaml
17:53:54.048 [fs-watcher-debounce] DEBUG org.flossware.jfswatcher.FileSystemDeploymentWatcher -- Notifying listeners: descriptor modified - /tmp/junit-325564428077199755/file42.yaml
17:53:54.048 [fs-watcher] DEBUG org.flossware.jfswatcher.FileSystemDeploymentWatcher -- Detected ENTRY_MODIFY event for: file43.yaml
17:53:54.048 [fs-watcher-debounce] DEBUG org.flossware.jfswatcher.FileSystemDeploymentWatcher -- Notifying listeners: descriptor detected - /tmp/junit-325564428077199755/file43.yaml
17:53:54.048 [fs-watcher] DEBUG org.flossware.jfswatcher.FileSystemDeploymentWatcher -- Detected ENTRY_CREATE event for: file44.yaml
17:53:54.048 [fs-watcher-debounce] DEBUG org.flossware.jfswatcher.FileSystemDeploymentWatcher -- Notifying listeners: descriptor modified - /tmp/junit-325564428077199755/file43.yaml
17:53:54.048 [fs-watcher] DEBUG org.flossware.jfswatcher.FileSystemDeploymentWatcher -- Detected ENTRY_MODIFY event for: file44.yaml
17:53:54.048 [fs-watcher-debounce] DEBUG org.flossware.jfswatcher.FileSystemDeploymentWatcher -- Notifying listeners: descriptor detected - /tmp/junit-325564428077199755/file44.yaml
17:53:54.048 [fs-watcher] DEBUG org.flossware.jfswatcher.FileSystemDeploymentWatcher -- Detected ENTRY_CREATE event for: file45.yaml
17:53:54.048 [fs-watcher-debounce] DEBUG org.flossware.jfswatcher.FileSystemDeploymentWatcher -- Notifying listeners: descriptor modified - /tmp/junit-325564428077199755/file44.yaml
17:53:54.048 [fs-watcher] DEBUG org.flossware.jfswatcher.FileSystemDeploymentWatcher -- Detected ENTRY_MODIFY event for: file45.yaml
17:53:54.048 [fs-watcher-debounce] DEBUG org.flossware.jfswatcher.FileSystemDeploymentWatcher -- Notifying listeners: descriptor detected - /tmp/junit-325564428077199755/file45.yaml
17:53:54.049 [fs-watcher-debounce] DEBUG org.flossware.jfswatcher.FileSystemDeploymentWatcher -- Notifying listeners: descriptor modified - /tmp/junit-325564428077199755/file45.yaml
17:53:54.049 [fs-watcher] DEBUG org.flossware.jfswatcher.FileSystemDeploymentWatcher -- Detected ENTRY_CREATE event for: file46.yaml
17:53:54.049 [fs-watcher-debounce] DEBUG org.flossware.jfswatcher.FileSystemDeploymentWatcher -- Notifying listeners: descriptor detected - /tmp/junit-325564428077199755/file46.yaml
17:53:54.049 [fs-watcher] DEBUG org.flossware.jfswatcher.FileSystemDeploymentWatcher -- Detected ENTRY_MODIFY event for: file46.yaml
17:53:54.049 [fs-watcher] DEBUG org.flossware.jfswatcher.FileSystemDeploymentWatcher -- Detected ENTRY_CREATE event for: file47.yaml
17:53:54.049 [fs-watcher-debounce] DEBUG org.flossware.jfswatcher.FileSystemDeploymentWatcher -- Notifying listeners: descriptor modified - /tmp/junit-325564428077199755/file46.yaml
17:53:54.049 [fs-watcher-debounce] DEBUG org.flossware.jfswatcher.FileSystemDeploymentWatcher -- Notifying listeners: descriptor detected - /tmp/junit-325564428077199755/file47.yaml
17:53:54.049 [fs-watcher] DEBUG org.flossware.jfswatcher.FileSystemDeploymentWatcher -- Detected ENTRY_MODIFY event for: file47.yaml
17:53:54.049 [fs-watcher] DEBUG org.flossware.jfswatcher.FileSystemDeploymentWatcher -- Detected ENTRY_CREATE event for: file48.yaml
17:53:54.049 [fs-watcher] DEBUG org.flossware.jfswatcher.FileSystemDeploymentWatcher -- Detected ENTRY_MODIFY event for: file48.yaml
17:53:54.049 [fs-watcher-debounce] DEBUG org.flossware.jfswatcher.FileSystemDeploymentWatcher -- Notifying listeners: descriptor modified - /tmp/junit-325564428077199755/file47.yaml
17:53:54.050 [fs-watcher] DEBUG org.flossware.jfswatcher.FileSystemDeploymentWatcher -- Detected ENTRY_CREATE event for: file49.yaml
17:53:54.049 [fs-watcher-debounce] DEBUG org.flossware.jfswatcher.FileSystemDeploymentWatcher -- Notifying listeners: descriptor detected - /tmp/junit-325564428077199755/file48.yaml
17:53:54.050 [fs-watcher-debounce] DEBUG org.flossware.jfswatcher.FileSystemDeploymentWatcher -- Notifying listeners: descriptor modified - /tmp/junit-325564428077199755/file48.yaml
17:53:54.050 [fs-watcher-debounce] DEBUG org.flossware.jfswatcher.FileSystemDeploymentWatcher -- Notifying listeners: descriptor detected - /tmp/junit-325564428077199755/file49.yaml
17:53:54.050 [fs-watcher] DEBUG org.flossware.jfswatcher.FileSystemDeploymentWatcher -- Detected ENTRY_MODIFY event for: file49.yaml
17:53:54.050 [fs-watcher] DEBUG org.flossware.jfswatcher.FileSystemDeploymentWatcher -- Detected ENTRY_CREATE event for: file50.yaml
17:53:54.050 [fs-watcher] DEBUG org.flossware.jfswatcher.FileSystemDeploymentWatcher -- Detected ENTRY_MODIFY event for: file50.yaml
17:53:54.050 [fs-watcher-debounce] DEBUG org.flossware.jfswatcher.FileSystemDeploymentWatcher -- Notifying listeners: descriptor modified - /tmp/junit-325564428077199755/file49.yaml
17:53:54.050 [fs-watcher-debounce] DEBUG org.flossware.jfswatcher.FileSystemDeploymentWatcher -- Notifying listeners: descriptor detected - /tmp/junit-325564428077199755/file50.yaml
17:53:54.050 [fs-watcher] DEBUG org.flossware.jfswatcher.FileSystemDeploymentWatcher -- Detected ENTRY_CREATE event for: file51.yaml
17:53:54.050 [fs-watcher-debounce] DEBUG org.flossware.jfswatcher.FileSystemDeploymentWatcher -- Notifying listeners: descriptor modified - /tmp/junit-325564428077199755/file50.yaml
17:53:54.050 [fs-watcher-debounce] DEBUG org.flossware.jfswatcher.FileSystemDeploymentWatcher -- Notifying listeners: descriptor detected - /tmp/junit-325564428077199755/file51.yaml
17:53:54.050 [fs-watcher] DEBUG org.flossware.jfswatcher.FileSystemDeploymentWatcher -- Detected ENTRY_MODIFY event for: file51.yaml
17:53:54.051 [fs-watcher] DEBUG org.flossware.jfswatcher.FileSystemDeploymentWatcher -- Detected ENTRY_CREATE event for: file52.yaml
17:53:54.051 [fs-watcher-debounce] DEBUG org.flossware.jfswatcher.FileSystemDeploymentWatcher -- Notifying listeners: descriptor modified - /tmp/junit-325564428077199755/file51.yaml
17:53:54.051 [fs-watcher] DEBUG org.flossware.jfswatcher.FileSystemDeploymentWatcher -- Detected ENTRY_MODIFY event for: file52.yaml
17:53:54.051 [fs-watcher-debounce] DEBUG org.flossware.jfswatcher.FileSystemDeploymentWatcher -- Notifying listeners: descriptor detected - /tmp/junit-325564428077199755/file52.yaml
17:53:54.051 [fs-watcher] DEBUG org.flossware.jfswatcher.FileSystemDeploymentWatcher -- Detected ENTRY_CREATE event for: file53.yaml
17:53:54.051 [fs-watcher-debounce] DEBUG org.flossware.jfswatcher.FileSystemDeploymentWatcher -- Notifying listeners: descriptor modified - /tmp/junit-325564428077199755/file52.yaml
17:53:54.051 [fs-watcher] DEBUG org.flossware.jfswatcher.FileSystemDeploymentWatcher -- Detected ENTRY_MODIFY event for: file53.yaml
17:53:54.051 [fs-watcher-debounce] DEBUG org.flossware.jfswatcher.FileSystemDeploymentWatcher -- Notifying listeners: descriptor detected - /tmp/junit-325564428077199755/file53.yaml
17:53:54.052 [fs-watcher] DEBUG org.flossware.jfswatcher.FileSystemDeploymentWatcher -- Detected ENTRY_CREATE event for: file54.yaml
17:53:54.052 [fs-watcher-debounce] DEBUG org.flossware.jfswatcher.FileSystemDeploymentWatcher -- Notifying listeners: descriptor modified - /tmp/junit-325564428077199755/file53.yaml
17:53:54.052 [fs-watcher] DEBUG org.flossware.jfswatcher.FileSystemDeploymentWatcher -- Detected ENTRY_MODIFY event for: file54.yaml
17:53:54.052 [fs-watcher-debounce] DEBUG org.flossware.jfswatcher.FileSystemDeploymentWatcher -- Notifying listeners: descriptor detected - /tmp/junit-325564428077199755/file54.yaml
17:53:54.052 [fs-watcher] DEBUG org.flossware.jfswatcher.FileSystemDeploymentWatcher -- Detected ENTRY_CREATE event for: file55.yaml
17:53:54.052 [fs-watcher] DEBUG org.flossware.jfswatcher.FileSystemDeploymentWatcher -- Detected ENTRY_MODIFY event for: file55.yaml
17:53:54.052 [fs-watcher-debounce] DEBUG org.flossware.jfswatcher.FileSystemDeploymentWatcher -- Notifying listeners: descriptor modified - /tmp/junit-325564428077199755/file54.yaml
17:53:54.052 [fs-watcher-debounce] DEBUG org.flossware.jfswatcher.FileSystemDeploymentWatcher -- Notifying listeners: descriptor detected - /tmp/junit-325564428077199755/file55.yaml
17:53:54.052 [fs-watcher] DEBUG org.flossware.jfswatcher.FileSystemDeploymentWatcher -- Detected ENTRY_CREATE event for: file56.yaml
17:53:54.052 [fs-watcher-debounce] DEBUG org.flossware.jfswatcher.FileSystemDeploymentWatcher -- Notifying listeners: descriptor modified - /tmp/junit-325564428077199755/file55.yaml
17:53:54.052 [fs-watcher] DEBUG org.flossware.jfswatcher.FileSystemDeploymentWatcher -- Detected ENTRY_MODIFY event for: file56.yaml
17:53:54.052 [fs-watcher-debounce] DEBUG org.flossware.jfswatcher.FileSystemDeploymentWatcher -- Notifying listeners: descriptor detected - /tmp/junit-325564428077199755/file56.yaml
17:53:54.052 [fs-watcher] DEBUG org.flossware.jfswatcher.FileSystemDeploymentWatcher -- Detected ENTRY_CREATE event for: file57.yaml
17:53:54.052 [fs-watcher-debounce] DEBUG org.flossware.jfswatcher.FileSystemDeploymentWatcher -- Notifying listeners: descriptor modified - /tmp/junit-325564428077199755/file56.yaml
17:53:54.052 [fs-watcher] DEBUG org.flossware.jfswatcher.FileSystemDeploymentWatcher -- Detected ENTRY_MODIFY event for: file57.yaml
17:53:54.052 [fs-watcher-debounce] DEBUG org.flossware.jfswatcher.FileSystemDeploymentWatcher -- Notifying listeners: descriptor detected - /tmp/junit-325564428077199755/file57.yaml
17:53:54.053 [fs-watcher] DEBUG org.flossware.jfswatcher.FileSystemDeploymentWatcher -- Detected ENTRY_CREATE event for: file58.yaml
17:53:54.053 [fs-watcher-debounce] DEBUG org.flossware.jfswatcher.FileSystemDeploymentWatcher -- Notifying listeners: descriptor modified - /tmp/junit-325564428077199755/file57.yaml
17:53:54.053 [fs-watcher] DEBUG org.flossware.jfswatcher.FileSystemDeploymentWatcher -- Detected ENTRY_MODIFY event for: file58.yaml
17:53:54.053 [fs-watcher-debounce] DEBUG org.flossware.jfswatcher.FileSystemDeploymentWatcher -- Notifying listeners: descriptor detected - /tmp/junit-325564428077199755/file58.yaml
17:53:54.053 [fs-watcher] DEBUG org.flossware.jfswatcher.FileSystemDeploymentWatcher -- Detected ENTRY_CREATE event for: file59.yaml
17:53:54.053 [fs-watcher-debounce] DEBUG org.flossware.jfswatcher.FileSystemDeploymentWatcher -- Notifying listeners: descriptor modified - /tmp/junit-325564428077199755/file58.yaml
17:53:54.053 [fs-watcher-debounce] DEBUG org.flossware.jfswatcher.FileSystemDeploymentWatcher -- Notifying listeners: descriptor detected - /tmp/junit-325564428077199755/file59.yaml
17:53:54.053 [fs-watcher] DEBUG org.flossware.jfswatcher.FileSystemDeploymentWatcher -- Detected ENTRY_MODIFY event for: file59.yaml
17:53:54.053 [fs-watcher-debounce] DEBUG org.flossware.jfswatcher.FileSystemDeploymentWatcher -- Notifying listeners: descriptor modified - /tmp/junit-325564428077199755/file59.yaml
17:53:54.053 [fs-watcher] DEBUG org.flossware.jfswatcher.FileSystemDeploymentWatcher -- Detected ENTRY_CREATE event for: file60.yaml
17:53:54.053 [fs-watcher] DEBUG org.flossware.jfswatcher.FileSystemDeploymentWatcher -- Detected ENTRY_MODIFY event for: file60.yaml
17:53:54.053 [fs-watcher-debounce] DEBUG org.flossware.jfswatcher.FileSystemDeploymentWatcher -- Notifying listeners: descriptor detected - /tmp/junit-325564428077199755/file60.yaml
17:53:54.053 [fs-watcher] DEBUG org.flossware.jfswatcher.FileSystemDeploymentWatcher -- Detected ENTRY_CREATE event for: file61.yaml
17:53:54.053 [fs-watcher-debounce] DEBUG org.flossware.jfswatcher.FileSystemDeploymentWatcher -- Notifying listeners: descriptor modified - /tmp/junit-325564428077199755/file60.yaml
17:53:54.054 [fs-watcher] DEBUG org.flossware.jfswatcher.FileSystemDeploymentWatcher -- Detected ENTRY_MODIFY event for: file61.yaml
17:53:54.054 [fs-watcher-debounce] DEBUG org.flossware.jfswatcher.FileSystemDeploymentWatcher -- Notifying listeners: descriptor detected - /tmp/junit-325564428077199755/file61.yaml
17:53:54.054 [fs-watcher-debounce] DEBUG org.flossware.jfswatcher.FileSystemDeploymentWatcher -- Notifying listeners: descriptor modified - /tmp/junit-325564428077199755/file61.yaml
17:53:54.054 [fs-watcher] DEBUG org.flossware.jfswatcher.FileSystemDeploymentWatcher -- Detected ENTRY_CREATE event for: file62.yaml
17:53:54.054 [fs-watcher-debounce] DEBUG org.flossware.jfswatcher.FileSystemDeploymentWatcher -- Notifying listeners: descriptor detected - /tmp/junit-325564428077199755/file62.yaml
17:53:54.054 [fs-watcher] DEBUG org.flossware.jfswatcher.FileSystemDeploymentWatcher -- Detected ENTRY_MODIFY event for: file62.yaml
17:53:54.054 [fs-watcher] DEBUG org.flossware.jfswatcher.FileSystemDeploymentWatcher -- Detected ENTRY_CREATE event for: file63.yaml
17:53:54.054 [fs-watcher-debounce] DEBUG org.flossware.jfswatcher.FileSystemDeploymentWatcher -- Notifying listeners: descriptor modified - /tmp/junit-325564428077199755/file62.yaml
17:53:54.054 [fs-watcher] DEBUG org.flossware.jfswatcher.FileSystemDeploymentWatcher -- Detected ENTRY_MODIFY event for: file63.yaml
17:53:54.054 [fs-watcher-debounce] DEBUG org.flossware.jfswatcher.FileSystemDeploymentWatcher -- Notifying listeners: descriptor detected - /tmp/junit-325564428077199755/file63.yaml
17:53:54.054 [fs-watcher] DEBUG org.flossware.jfswatcher.FileSystemDeploymentWatcher -- Detected ENTRY_CREATE event for: file64.yaml
17:53:54.054 [fs-watcher-debounce] DEBUG org.flossware.jfswatcher.FileSystemDeploymentWatcher -- Notifying listeners: descriptor modified - /tmp/junit-325564428077199755/file63.yaml
17:53:54.055 [fs-watcher] DEBUG org.flossware.jfswatcher.FileSystemDeploymentWatcher -- Detected ENTRY_MODIFY event for: file64.yaml
17:53:54.055 [fs-watcher-debounce] DEBUG org.flossware.jfswatcher.FileSystemDeploymentWatcher -- Notifying listeners: descriptor detected - /tmp/junit-325564428077199755/file64.yaml
17:53:54.055 [fs-watcher] DEBUG org.flossware.jfswatcher.FileSystemDeploymentWatcher -- Detected ENTRY_CREATE event for: file65.yaml
17:53:54.055 [fs-watcher-debounce] DEBUG org.flossware.jfswatcher.FileSystemDeploymentWatcher -- Notifying listeners: descriptor modified - /tmp/junit-325564428077199755/file64.yaml
17:53:54.055 [fs-watcher] DEBUG org.flossware.jfswatcher.FileSystemDeploymentWatcher -- Detected ENTRY_MODIFY event for: file65.yaml
17:53:54.055 [fs-watcher-debounce] DEBUG org.flossware.jfswatcher.FileSystemDeploymentWatcher -- Notifying listeners: descriptor detected - /tmp/junit-325564428077199755/file65.yaml
17:53:54.055 [fs-watcher] DEBUG org.flossware.jfswatcher.FileSystemDeploymentWatcher -- Detected ENTRY_CREATE event for: file66.yaml
17:53:54.055 [fs-watcher-debounce] DEBUG org.flossware.jfswatcher.FileSystemDeploymentWatcher -- Notifying listeners: descriptor modified - /tmp/junit-325564428077199755/file65.yaml
17:53:54.055 [fs-watcher] DEBUG org.flossware.jfswatcher.FileSystemDeploymentWatcher -- Detected ENTRY_MODIFY event for: file66.yaml
17:53:54.055 [fs-watcher-debounce] DEBUG org.flossware.jfswatcher.FileSystemDeploymentWatcher -- Notifying listeners: descriptor detected - /tmp/junit-325564428077199755/file66.yaml
17:53:54.055 [fs-watcher] DEBUG org.flossware.jfswatcher.FileSystemDeploymentWatcher -- Detected ENTRY_CREATE event for: file67.yaml
17:53:54.055 [fs-watcher-debounce] DEBUG org.flossware.jfswatcher.FileSystemDeploymentWatcher -- Notifying listeners: descriptor modified - /tmp/junit-325564428077199755/file66.yaml
17:53:54.055 [fs-watcher] DEBUG org.flossware.jfswatcher.FileSystemDeploymentWatcher -- Detected ENTRY_MODIFY event for: file67.yaml
17:53:54.055 [fs-watcher-debounce] DEBUG org.flossware.jfswatcher.FileSystemDeploymentWatcher -- Notifying listeners: descriptor detected - /tmp/junit-325564428077199755/file67.yaml
17:53:54.055 [fs-watcher-debounce] DEBUG org.flossware.jfswatcher.FileSystemDeploymentWatcher -- Notifying listeners: descriptor modified - /tmp/junit-325564428077199755/file67.yaml
17:53:54.055 [fs-watcher] DEBUG org.flossware.jfswatcher.FileSystemDeploymentWatcher -- Detected ENTRY_CREATE event for: file68.yaml
17:53:54.056 [fs-watcher-debounce] DEBUG org.flossware.jfswatcher.FileSystemDeploymentWatcher -- Notifying listeners: descriptor detected - /tmp/junit-325564428077199755/file68.yaml
17:53:54.056 [fs-watcher] DEBUG org.flossware.jfswatcher.FileSystemDeploymentWatcher -- Detected ENTRY_MODIFY event for: file68.yaml
17:53:54.056 [fs-watcher-debounce] DEBUG org.flossware.jfswatcher.FileSystemDeploymentWatcher -- Notifying listeners: descriptor modified - /tmp/junit-325564428077199755/file68.yaml
17:53:54.056 [fs-watcher] DEBUG org.flossware.jfswatcher.FileSystemDeploymentWatcher -- Detected ENTRY_CREATE event for: file69.yaml
17:53:54.057 [fs-watcher-debounce] DEBUG org.flossware.jfswatcher.FileSystemDeploymentWatcher -- Notifying listeners: descriptor detected - /tmp/junit-325564428077199755/file69.yaml
17:53:54.057 [fs-watcher] DEBUG org.flossware.jfswatcher.FileSystemDeploymentWatcher -- Detected ENTRY_MODIFY event for: file69.yaml
17:53:54.057 [fs-watcher-debounce] DEBUG org.flossware.jfswatcher.FileSystemDeploymentWatcher -- Notifying listeners: descriptor modified - /tmp/junit-325564428077199755/file69.yaml
17:53:54.057 [fs-watcher] DEBUG org.flossware.jfswatcher.FileSystemDeploymentWatcher -- Detected ENTRY_CREATE event for: file70.yaml
17:53:54.057 [fs-watcher] DEBUG org.flossware.jfswatcher.FileSystemDeploymentWatcher -- Detected ENTRY_MODIFY event for: file70.yaml
17:53:54.057 [fs-watcher-debounce] DEBUG org.flossware.jfswatcher.FileSystemDeploymentWatcher -- Notifying listeners: descriptor detected - /tmp/junit-325564428077199755/file70.yaml
17:53:54.057 [fs-watcher-debounce] DEBUG org.flossware.jfswatcher.FileSystemDeploymentWatcher -- Notifying listeners: descriptor modified - /tmp/junit-325564428077199755/file70.yaml
17:53:54.057 [fs-watcher] DEBUG org.flossware.jfswatcher.FileSystemDeploymentWatcher -- Detected ENTRY_CREATE event for: file71.yaml
17:53:54.058 [fs-watcher-debounce] DEBUG org.flossware.jfswatcher.FileSystemDeploymentWatcher -- Notifying listeners: descriptor detected - /tmp/junit-325564428077199755/file71.yaml
17:53:54.058 [fs-watcher] DEBUG org.flossware.jfswatcher.FileSystemDeploymentWatcher -- Detected ENTRY_MODIFY event for: file71.yaml
17:53:54.058 [fs-watcher-debounce] DEBUG org.flossware.jfswatcher.FileSystemDeploymentWatcher -- Notifying listeners: descriptor modified - /tmp/junit-325564428077199755/file71.yaml
17:53:54.058 [fs-watcher] DEBUG org.flossware.jfswatcher.FileSystemDeploymentWatcher -- Detected ENTRY_CREATE event for: file72.yaml
17:53:54.058 [fs-watcher-debounce] DEBUG org.flossware.jfswatcher.FileSystemDeploymentWatcher -- Notifying listeners: descriptor detected - /tmp/junit-325564428077199755/file72.yaml
17:53:54.058 [fs-watcher] DEBUG org.flossware.jfswatcher.FileSystemDeploymentWatcher -- Detected ENTRY_MODIFY event for: file72.yaml
17:53:54.058 [fs-watcher] DEBUG org.flossware.jfswatcher.FileSystemDeploymentWatcher -- Detected ENTRY_CREATE event for: file73.yaml
17:53:54.058 [fs-watcher-debounce] DEBUG org.flossware.jfswatcher.FileSystemDeploymentWatcher -- Notifying listeners: descriptor modified - /tmp/junit-325564428077199755/file72.yaml
17:53:54.058 [fs-watcher] DEBUG org.flossware.jfswatcher.FileSystemDeploymentWatcher -- Detected ENTRY_MODIFY event for: file73.yaml
17:53:54.058 [fs-watcher-debounce] DEBUG org.flossware.jfswatcher.FileSystemDeploymentWatcher -- Notifying listeners: descriptor detected - /tmp/junit-325564428077199755/file73.yaml
17:53:54.058 [fs-watcher] DEBUG org.flossware.jfswatcher.FileSystemDeploymentWatcher -- Detected ENTRY_CREATE event for: file74.yaml
17:53:54.058 [fs-watcher-debounce] DEBUG org.flossware.jfswatcher.FileSystemDeploymentWatcher -- Notifying listeners: descriptor modified - /tmp/junit-325564428077199755/file73.yaml
17:53:54.059 [fs-watcher-debounce] DEBUG org.flossware.jfswatcher.FileSystemDeploymentWatcher -- Notifying listeners: descriptor detected - /tmp/junit-325564428077199755/file74.yaml
17:53:54.059 [fs-watcher] DEBUG org.flossware.jfswatcher.FileSystemDeploymentWatcher -- Detected ENTRY_MODIFY event for: file74.yaml
17:53:54.059 [fs-watcher-debounce] DEBUG org.flossware.jfswatcher.FileSystemDeploymentWatcher -- Notifying listeners: descriptor modified - /tmp/junit-325564428077199755/file74.yaml
17:53:54.059 [fs-watcher] DEBUG org.flossware.jfswatcher.FileSystemDeploymentWatcher -- Detected ENTRY_CREATE event for: file75.yaml
17:53:54.059 [fs-watcher] DEBUG org.flossware.jfswatcher.FileSystemDeploymentWatcher -- Detected ENTRY_MODIFY event for: file75.yaml
17:53:54.059 [fs-watcher-debounce] DEBUG org.flossware.jfswatcher.FileSystemDeploymentWatcher -- Notifying listeners: descriptor detected - /tmp/junit-325564428077199755/file75.yaml
17:53:54.059 [fs-watcher] DEBUG org.flossware.jfswatcher.FileSystemDeploymentWatcher -- Detected ENTRY_CREATE event for: file76.yaml
17:53:54.059 [fs-watcher-debounce] DEBUG org.flossware.jfswatcher.FileSystemDeploymentWatcher -- Notifying listeners: descriptor modified - /tmp/junit-325564428077199755/file75.yaml
17:53:54.059 [fs-watcher] DEBUG org.flossware.jfswatcher.FileSystemDeploymentWatcher -- Detected ENTRY_MODIFY event for: file76.yaml
17:53:54.059 [fs-watcher-debounce] DEBUG org.flossware.jfswatcher.FileSystemDeploymentWatcher -- Notifying listeners: descriptor detected - /tmp/junit-325564428077199755/file76.yaml
17:53:54.059 [fs-watcher] DEBUG org.flossware.jfswatcher.FileSystemDeploymentWatcher -- Detected ENTRY_CREATE event for: file77.yaml
17:53:54.059 [fs-watcher-debounce] DEBUG org.flossware.jfswatcher.FileSystemDeploymentWatcher -- Notifying listeners: descriptor modified - /tmp/junit-325564428077199755/file76.yaml
17:53:54.059 [fs-watcher] DEBUG org.flossware.jfswatcher.FileSystemDeploymentWatcher -- Detected ENTRY_MODIFY event for: file77.yaml
17:53:54.059 [fs-watcher-debounce] DEBUG org.flossware.jfswatcher.FileSystemDeploymentWatcher -- Notifying listeners: descriptor detected - /tmp/junit-325564428077199755/file77.yaml
17:53:54.060 [fs-watcher] DEBUG org.flossware.jfswatcher.FileSystemDeploymentWatcher -- Detected ENTRY_CREATE event for: file78.yaml
17:53:54.060 [fs-watcher-debounce] DEBUG org.flossware.jfswatcher.FileSystemDeploymentWatcher -- Notifying listeners: descriptor modified - /tmp/junit-325564428077199755/file77.yaml
17:53:54.060 [fs-watcher] DEBUG org.flossware.jfswatcher.FileSystemDeploymentWatcher -- Detected ENTRY_MODIFY event for: file78.yaml
17:53:54.060 [fs-watcher-debounce] DEBUG org.flossware.jfswatcher.FileSystemDeploymentWatcher -- Notifying listeners: descriptor detected - /tmp/junit-325564428077199755/file78.yaml
17:53:54.060 [fs-watcher] DEBUG org.flossware.jfswatcher.FileSystemDeploymentWatcher -- Detected ENTRY_CREATE event for: file79.yaml
17:53:54.060 [fs-watcher-debounce] DEBUG org.flossware.jfswatcher.FileSystemDeploymentWatcher -- Notifying listeners: descriptor modified - /tmp/junit-325564428077199755/file78.yaml
17:53:54.060 [fs-watcher] DEBUG org.flossware.jfswatcher.FileSystemDeploymentWatcher -- Detected ENTRY_MODIFY event for: file79.yaml
17:53:54.060 [fs-watcher-debounce] DEBUG org.flossware.jfswatcher.FileSystemDeploymentWatcher -- Notifying listeners: descriptor detected - /tmp/junit-325564428077199755/file79.yaml
17:53:54.060 [fs-watcher] DEBUG org.flossware.jfswatcher.FileSystemDeploymentWatcher -- Detected ENTRY_CREATE event for: file80.yaml
17:53:54.060 [fs-watcher-debounce] DEBUG org.flossware.jfswatcher.FileSystemDeploymentWatcher -- Notifying listeners: descriptor modified - /tmp/junit-325564428077199755/file79.yaml
17:53:54.060 [fs-watcher] DEBUG org.flossware.jfswatcher.FileSystemDeploymentWatcher -- Detected ENTRY_MODIFY event for: file80.yaml
17:53:54.060 [fs-watcher-debounce] DEBUG org.flossware.jfswatcher.FileSystemDeploymentWatcher -- Notifying listeners: descriptor detected - /tmp/junit-325564428077199755/file80.yaml
17:53:54.060 [fs-watcher] DEBUG org.flossware.jfswatcher.FileSystemDeploymentWatcher -- Detected ENTRY_CREATE event for: file81.yaml
17:53:54.060 [fs-watcher-debounce] DEBUG org.flossware.jfswatcher.FileSystemDeploymentWatcher -- Notifying listeners: descriptor modified - /tmp/junit-325564428077199755/file80.yaml
17:53:54.060 [fs-watcher-debounce] DEBUG org.flossware.jfswatcher.FileSystemDeploymentWatcher -- Notifying listeners: descriptor detected - /tmp/junit-325564428077199755/file81.yaml
17:53:54.060 [fs-watcher] DEBUG org.flossware.jfswatcher.FileSystemDeploymentWatcher -- Detected ENTRY_MODIFY event for: file81.yaml
17:53:54.061 [fs-watcher] DEBUG org.flossware.jfswatcher.FileSystemDeploymentWatcher -- Detected ENTRY_CREATE event for: file82.yaml
17:53:54.061 [fs-watcher-debounce] DEBUG org.flossware.jfswatcher.FileSystemDeploymentWatcher -- Notifying listeners: descriptor modified - /tmp/junit-325564428077199755/file81.yaml
17:53:54.061 [fs-watcher] DEBUG org.flossware.jfswatcher.FileSystemDeploymentWatcher -- Detected ENTRY_MODIFY event for: file82.yaml
17:53:54.061 [fs-watcher-debounce] DEBUG org.flossware.jfswatcher.FileSystemDeploymentWatcher -- Notifying listeners: descriptor detected - /tmp/junit-325564428077199755/file82.yaml
17:53:54.061 [fs-watcher] DEBUG org.flossware.jfswatcher.FileSystemDeploymentWatcher -- Detected ENTRY_CREATE event for: file83.yaml
17:53:54.061 [fs-watcher-debounce] DEBUG org.flossware.jfswatcher.FileSystemDeploymentWatcher -- Notifying listeners: descriptor modified - /tmp/junit-325564428077199755/file82.yaml
17:53:54.061 [fs-watcher-debounce] DEBUG org.flossware.jfswatcher.FileSystemDeploymentWatcher -- Notifying listeners: descriptor detected - /tmp/junit-325564428077199755/file83.yaml
17:53:54.061 [fs-watcher] DEBUG org.flossware.jfswatcher.FileSystemDeploymentWatcher -- Detected ENTRY_MODIFY event for: file83.yaml
17:53:54.061 [fs-watcher] DEBUG org.flossware.jfswatcher.FileSystemDeploymentWatcher -- Detected ENTRY_CREATE event for: file84.yaml
17:53:54.062 [fs-watcher-debounce] DEBUG org.flossware.jfswatcher.FileSystemDeploymentWatcher -- Notifying listeners: descriptor modified - /tmp/junit-325564428077199755/file83.yaml
17:53:54.062 [fs-watcher-debounce] DEBUG org.flossware.jfswatcher.FileSystemDeploymentWatcher -- Notifying listeners: descriptor detected - /tmp/junit-325564428077199755/file84.yaml
17:53:54.062 [fs-watcher] DEBUG org.flossware.jfswatcher.FileSystemDeploymentWatcher -- Detected ENTRY_MODIFY event for: file84.yaml
17:53:54.062 [fs-watcher] DEBUG org.flossware.jfswatcher.FileSystemDeploymentWatcher -- Detected ENTRY_CREATE event for: file85.yaml
17:53:54.062 [fs-watcher-debounce] DEBUG org.flossware.jfswatcher.FileSystemDeploymentWatcher -- Notifying listeners: descriptor modified - /tmp/junit-325564428077199755/file84.yaml
17:53:54.062 [fs-watcher-debounce] DEBUG org.flossware.jfswatcher.FileSystemDeploymentWatcher -- Notifying listeners: descriptor detected - /tmp/junit-325564428077199755/file85.yaml
17:53:54.062 [fs-watcher] DEBUG org.flossware.jfswatcher.FileSystemDeploymentWatcher -- Detected ENTRY_MODIFY event for: file85.yaml
17:53:54.062 [fs-watcher] DEBUG org.flossware.jfswatcher.FileSystemDeploymentWatcher -- Detected ENTRY_CREATE event for: file86.yaml
17:53:54.062 [fs-watcher-debounce] DEBUG org.flossware.jfswatcher.FileSystemDeploymentWatcher -- Notifying listeners: descriptor modified - /tmp/junit-325564428077199755/file85.yaml
17:53:54.062 [fs-watcher] DEBUG org.flossware.jfswatcher.FileSystemDeploymentWatcher -- Detected ENTRY_MODIFY event for: file86.yaml
17:53:54.062 [fs-watcher-debounce] DEBUG org.flossware.jfswatcher.FileSystemDeploymentWatcher -- Notifying listeners: descriptor detected - /tmp/junit-325564428077199755/file86.yaml
17:53:54.062 [fs-watcher] DEBUG org.flossware.jfswatcher.FileSystemDeploymentWatcher -- Detected ENTRY_CREATE event for: file87.yaml
17:53:54.062 [fs-watcher-debounce] DEBUG org.flossware.jfswatcher.FileSystemDeploymentWatcher -- Notifying listeners: descriptor modified - /tmp/junit-325564428077199755/file86.yaml
17:53:54.063 [fs-watcher] DEBUG org.flossware.jfswatcher.FileSystemDeploymentWatcher -- Detected ENTRY_MODIFY event for: file87.yaml
17:53:54.063 [fs-watcher-debounce] DEBUG org.flossware.jfswatcher.FileSystemDeploymentWatcher -- Notifying listeners: descriptor detected - /tmp/junit-325564428077199755/file87.yaml
17:53:54.063 [fs-watcher] DEBUG org.flossware.jfswatcher.FileSystemDeploymentWatcher -- Detected ENTRY_CREATE event for: file88.yaml
17:53:54.063 [fs-watcher-debounce] DEBUG org.flossware.jfswatcher.FileSystemDeploymentWatcher -- Notifying listeners: descriptor modified - /tmp/junit-325564428077199755/file87.yaml
17:53:54.063 [fs-watcher] DEBUG org.flossware.jfswatcher.FileSystemDeploymentWatcher -- Detected ENTRY_MODIFY event for: file88.yaml
17:53:54.063 [fs-watcher-debounce] DEBUG org.flossware.jfswatcher.FileSystemDeploymentWatcher -- Notifying listeners: descriptor detected - /tmp/junit-325564428077199755/file88.yaml
17:53:54.063 [fs-watcher] DEBUG org.flossware.jfswatcher.FileSystemDeploymentWatcher -- Detected ENTRY_CREATE event for: file89.yaml
17:53:54.063 [fs-watcher-debounce] DEBUG org.flossware.jfswatcher.FileSystemDeploymentWatcher -- Notifying listeners: descriptor modified - /tmp/junit-325564428077199755/file88.yaml
17:53:54.063 [fs-watcher] DEBUG org.flossware.jfswatcher.FileSystemDeploymentWatcher -- Detected ENTRY_MODIFY event for: file89.yaml
17:53:54.063 [fs-watcher-debounce] DEBUG org.flossware.jfswatcher.FileSystemDeploymentWatcher -- Notifying listeners: descriptor detected - /tmp/junit-325564428077199755/file89.yaml
17:53:54.063 [fs-watcher-debounce] DEBUG org.flossware.jfswatcher.FileSystemDeploymentWatcher -- Notifying listeners: descriptor modified - /tmp/junit-325564428077199755/file89.yaml
17:53:54.063 [fs-watcher] DEBUG org.flossware.jfswatcher.FileSystemDeploymentWatcher -- Detected ENTRY_CREATE event for: file90.yaml
17:53:54.064 [fs-watcher] DEBUG org.flossware.jfswatcher.FileSystemDeploymentWatcher -- Detected ENTRY_MODIFY event for: file90.yaml
17:53:54.064 [fs-watcher-debounce] DEBUG org.flossware.jfswatcher.FileSystemDeploymentWatcher -- Notifying listeners: descriptor detected - /tmp/junit-325564428077199755/file90.yaml
17:53:54.064 [fs-watcher] DEBUG org.flossware.jfswatcher.FileSystemDeploymentWatcher -- Detected ENTRY_CREATE event for: file91.yaml
17:53:54.064 [fs-watcher-debounce] DEBUG org.flossware.jfswatcher.FileSystemDeploymentWatcher -- Notifying listeners: descriptor modified - /tmp/junit-325564428077199755/file90.yaml
17:53:54.064 [fs-watcher-debounce] DEBUG org.flossware.jfswatcher.FileSystemDeploymentWatcher -- Notifying listeners: descriptor detected - /tmp/junit-325564428077199755/file91.yaml
17:53:54.064 [fs-watcher] DEBUG org.flossware.jfswatcher.FileSystemDeploymentWatcher -- Detected ENTRY_MODIFY event for: file91.yaml
17:53:54.064 [fs-watcher] DEBUG org.flossware.jfswatcher.FileSystemDeploymentWatcher -- Detected ENTRY_CREATE event for: file92.yaml
17:53:54.064 [fs-watcher-debounce] DEBUG org.flossware.jfswatcher.FileSystemDeploymentWatcher -- Notifying listeners: descriptor modified - /tmp/junit-325564428077199755/file91.yaml
17:53:54.064 [fs-watcher] DEBUG org.flossware.jfswatcher.FileSystemDeploymentWatcher -- Detected ENTRY_MODIFY event for: file92.yaml
17:53:54.064 [fs-watcher-debounce] DEBUG org.flossware.jfswatcher.FileSystemDeploymentWatcher -- Notifying listeners: descriptor detected - /tmp/junit-325564428077199755/file92.yaml
17:53:54.065 [fs-watcher-debounce] DEBUG org.flossware.jfswatcher.FileSystemDeploymentWatcher -- Notifying listeners: descriptor modified - /tmp/junit-325564428077199755/file92.yaml
17:53:54.065 [fs-watcher] DEBUG org.flossware.jfswatcher.FileSystemDeploymentWatcher -- Detected ENTRY_CREATE event for: file93.yaml
17:53:54.065 [fs-watcher] DEBUG org.flossware.jfswatcher.FileSystemDeploymentWatcher -- Detected ENTRY_MODIFY event for: file93.yaml
17:53:54.065 [fs-watcher-debounce] DEBUG org.flossware.jfswatcher.FileSystemDeploymentWatcher -- Notifying listeners: descriptor detected - /tmp/junit-325564428077199755/file93.yaml
17:53:54.065 [fs-watcher] DEBUG org.flossware.jfswatcher.FileSystemDeploymentWatcher -- Detected ENTRY_CREATE event for: file94.yaml
17:53:54.065 [fs-watcher-debounce] DEBUG org.flossware.jfswatcher.FileSystemDeploymentWatcher -- Notifying listeners: descriptor modified - /tmp/junit-325564428077199755/file93.yaml
17:53:54.065 [fs-watcher] DEBUG org.flossware.jfswatcher.FileSystemDeploymentWatcher -- Detected ENTRY_MODIFY event for: file94.yaml
17:53:54.065 [fs-watcher-debounce] DEBUG org.flossware.jfswatcher.FileSystemDeploymentWatcher -- Notifying listeners: descriptor detected - /tmp/junit-325564428077199755/file94.yaml
17:53:54.065 [fs-watcher] DEBUG org.flossware.jfswatcher.FileSystemDeploymentWatcher -- Detected ENTRY_CREATE event for: file95.yaml
17:53:54.065 [fs-watcher-debounce] DEBUG org.flossware.jfswatcher.FileSystemDeploymentWatcher -- Notifying listeners: descriptor modified - /tmp/junit-325564428077199755/file94.yaml
17:53:54.065 [fs-watcher] DEBUG org.flossware.jfswatcher.FileSystemDeploymentWatcher -- Detected ENTRY_MODIFY event for: file95.yaml
17:53:54.065 [fs-watcher-debounce] DEBUG org.flossware.jfswatcher.FileSystemDeploymentWatcher -- Notifying listeners: descriptor detected - /tmp/junit-325564428077199755/file95.yaml
17:53:54.066 [fs-watcher] DEBUG org.flossware.jfswatcher.FileSystemDeploymentWatcher -- Detected ENTRY_CREATE event for: file96.yaml
17:53:54.066 [fs-watcher-debounce] DEBUG org.flossware.jfswatcher.FileSystemDeploymentWatcher -- Notifying listeners: descriptor modified - /tmp/junit-325564428077199755/file95.yaml
17:53:54.066 [fs-watcher] DEBUG org.flossware.jfswatcher.FileSystemDeploymentWatcher -- Detected ENTRY_MODIFY event for: file96.yaml
17:53:54.066 [fs-watcher-debounce] DEBUG org.flossware.jfswatcher.FileSystemDeploymentWatcher -- Notifying listeners: descriptor detected - /tmp/junit-325564428077199755/file96.yaml
17:53:54.066 [fs-watcher] DEBUG org.flossware.jfswatcher.FileSystemDeploymentWatcher -- Detected ENTRY_CREATE event for: file97.yaml
17:53:54.066 [fs-watcher-debounce] DEBUG org.flossware.jfswatcher.FileSystemDeploymentWatcher -- Notifying listeners: descriptor modified - /tmp/junit-325564428077199755/file96.yaml
17:53:54.066 [fs-watcher] DEBUG org.flossware.jfswatcher.FileSystemDeploymentWatcher -- Detected ENTRY_MODIFY event for: file97.yaml
17:53:54.066 [fs-watcher-debounce] DEBUG org.flossware.jfswatcher.FileSystemDeploymentWatcher -- Notifying listeners: descriptor detected - /tmp/junit-325564428077199755/file97.yaml
17:53:54.066 [fs-watcher] DEBUG org.flossware.jfswatcher.FileSystemDeploymentWatcher -- Detected ENTRY_CREATE event for: file98.yaml
17:53:54.066 [fs-watcher-debounce] DEBUG org.flossware.jfswatcher.FileSystemDeploymentWatcher -- Notifying listeners: descriptor modified - /tmp/junit-325564428077199755/file97.yaml
17:53:54.067 [fs-watcher] DEBUG org.flossware.jfswatcher.FileSystemDeploymentWatcher -- Detected ENTRY_MODIFY event for: file98.yaml
17:53:54.067 [fs-watcher-debounce] DEBUG org.flossware.jfswatcher.FileSystemDeploymentWatcher -- Notifying listeners: descriptor detected - /tmp/junit-325564428077199755/file98.yaml
17:53:54.067 [fs-watcher] DEBUG org.flossware.jfswatcher.FileSystemDeploymentWatcher -- Detected ENTRY_CREATE event for: file99.yaml
17:53:54.067 [fs-watcher-debounce] DEBUG org.flossware.jfswatcher.FileSystemDeploymentWatcher -- Notifying listeners: descriptor modified - /tmp/junit-325564428077199755/file98.yaml
17:53:54.067 [fs-watcher-debounce] DEBUG org.flossware.jfswatcher.FileSystemDeploymentWatcher -- Notifying listeners: descriptor detected - /tmp/junit-325564428077199755/file99.yaml
17:53:54.067 [fs-watcher] DEBUG org.flossware.jfswatcher.FileSystemDeploymentWatcher -- Detected ENTRY_MODIFY event for: file99.yaml
17:53:54.068 [fs-watcher-debounce] DEBUG org.flossware.jfswatcher.FileSystemDeploymentWatcher -- Notifying listeners: descriptor modified - /tmp/junit-325564428077199755/file99.yaml
17:53:54.537 [main] INFO org.flossware.jfswatcher.FileSystemDeploymentWatcher -- Stopping filesystem watcher
17:53:54.538 [fs-watcher] DEBUG org.flossware.jfswatcher.FileSystemDeploymentWatcher -- Watch loop interrupted
17:53:54.538 [fs-watcher] DEBUG org.flossware.jfswatcher.FileSystemDeploymentWatcher -- Watch loop exited
17:53:54.538 [main] INFO org.flossware.jfswatcher.FileSystemDeploymentWatcher -- Filesystem watcher stopped
]]></system-out>
  </testcase>
  <testcase name="testNullWatchKey" classname="org.flossware.jfswatcher.FileSystemDeploymentWatcherEdgeCasesTest" time="3.01">
    <system-out><![CDATA[17:53:54.549 [main] INFO org.flossware.jfswatcher.FileSystemDeploymentWatcher -- Starting filesystem watcher on directory: /tmp/junit-11115847462683184367
17:53:54.550 [main] INFO org.flossware.jfswatcher.FileSystemDeploymentWatcher -- Filesystem watcher started successfully
17:53:54.550 [main] DEBUG org.flossware.jfswatcher.FileSystemDeploymentWatcher -- Scanning for existing descriptor files
17:53:54.550 [fs-watcher] DEBUG org.flossware.jfswatcher.FileSystemDeploymentWatcher -- Watch loop started
17:53:57.051 [main] DEBUG org.flossware.jfswatcher.FileSystemDeploymentWatcher -- Added deployment listener: org.flossware.jfswatcher.FileSystemDeploymentWatcherEdgeCasesTest$6
17:53:57.052 [fs-watcher] DEBUG org.flossware.jfswatcher.FileSystemDeploymentWatcher -- Detected ENTRY_CREATE event for: test.yaml
17:53:57.053 [fs-watcher] DEBUG org.flossware.jfswatcher.FileSystemDeploymentWatcher -- Detected ENTRY_MODIFY event for: test.yaml
17:53:57.553 [fs-watcher-debounce] DEBUG org.flossware.jfswatcher.FileSystemDeploymentWatcher -- Notifying listeners: descriptor modified - /tmp/junit-11115847462683184367/test.yaml
17:53:57.554 [main] INFO org.flossware.jfswatcher.FileSystemDeploymentWatcher -- Stopping filesystem watcher
17:53:57.555 [fs-watcher] DEBUG org.flossware.jfswatcher.FileSystemDeploymentWatcher -- Watch loop interrupted
17:53:57.555 [fs-watcher] DEBUG org.flossware.jfswatcher.FileSystemDeploymentWatcher -- Watch loop exited
17:53:57.556 [main] INFO org.flossware.jfswatcher.FileSystemDeploymentWatcher -- Filesystem watcher stopped
]]></system-out>
  </testcase>
  <testcase name="testDescriptorRemovedListenerException" classname="org.flossware.jfswatcher.FileSystemDeploymentWatcherEdgeCasesTest" time="1.014">
    <system-out><![CDATA[17:53:57.561 [main] DEBUG org.flossware.jfswatcher.FileSystemDeploymentWatcher -- Added deployment listener: org.flossware.jfswatcher.FileSystemDeploymentWatcherEdgeCasesTest$3
17:53:57.561 [main] INFO org.flossware.jfswatcher.FileSystemDeploymentWatcher -- Starting filesystem watcher on directory: /tmp/junit-4614598724939787144
17:53:57.562 [main] INFO org.flossware.jfswatcher.FileSystemDeploymentWatcher -- Filesystem watcher started successfully
17:53:57.562 [main] DEBUG org.flossware.jfswatcher.FileSystemDeploymentWatcher -- Scanning for existing descriptor files
17:53:57.562 [fs-watcher] DEBUG org.flossware.jfswatcher.FileSystemDeploymentWatcher -- Watch loop started
17:53:57.562 [main] DEBUG org.flossware.jfswatcher.FileSystemDeploymentWatcher -- Found existing descriptor: /tmp/junit-4614598724939787144/app.yaml
17:53:58.063 [fs-watcher-debounce] DEBUG org.flossware.jfswatcher.FileSystemDeploymentWatcher -- Notifying listeners: descriptor detected - /tmp/junit-4614598724939787144/app.yaml
17:53:58.063 [fs-watcher] DEBUG org.flossware.jfswatcher.FileSystemDeploymentWatcher -- Detected ENTRY_DELETE event for: app.yaml
17:53:58.564 [fs-watcher-debounce] DEBUG org.flossware.jfswatcher.FileSystemDeploymentWatcher -- Notifying listeners: descriptor removed - /tmp/junit-4614598724939787144/app.yaml
17:53:58.564 [fs-watcher-debounce] ERROR org.flossware.jfswatcher.FileSystemDeploymentWatcher -- Listener threw exception on descriptor removed
java.lang.RuntimeException: Test exception in onDescriptorRemoved
	at org.flossware.jfswatcher.FileSystemDeploymentWatcherEdgeCasesTest$3.onDescriptorRemoved(FileSystemDeploymentWatcherEdgeCasesTest.java:158)
	at org.flossware.jfswatcher.FileSystemDeploymentWatcher.notifyDescriptorRemoved(FileSystemDeploymentWatcher.java:371)
	at org.flossware.jfswatcher.FileSystemDeploymentWatcher.lambda$watchLoop$4(FileSystemDeploymentWatcher.java:247)
	at org.flossware.jfswatcher.FileSystemDeploymentWatcher.lambda$scheduleEvent$5(FileSystemDeploymentWatcher.java:282)
	at java.base/java.util.concurrent.Executors$RunnableAdapter.call(Executors.java:572)
	at java.base/java.util.concurrent.FutureTask.run(FutureTask.java:317)
	at java.base/java.util.concurrent.ScheduledThreadPoolExecutor$ScheduledFutureTask.run(ScheduledThreadPoolExecutor.java:304)
	at java.base/java.util.concurrent.ThreadPoolExecutor.runWorker(ThreadPoolExecutor.java:1144)
	at java.base/java.util.concurrent.ThreadPoolExecutor$Worker.run(ThreadPoolExecutor.java:642)
	at java.base/java.lang.Thread.run(Thread.java:1583)
17:53:58.565 [main] INFO org.flossware.jfswatcher.FileSystemDeploymentWatcher -- Stopping filesystem watcher
17:53:58.566 [fs-watcher] DEBUG org.flossware.jfswatcher.FileSystemDeploymentWatcher -- Watch loop interrupted
17:53:58.566 [fs-watcher] DEBUG org.flossware.jfswatcher.FileSystemDeploymentWatcher -- Watch loop exited
17:53:58.571 [main] INFO org.flossware.jfswatcher.FileSystemDeploymentWatcher -- Filesystem watcher stopped
]]></system-out>
  </testcase>
</testsuite>